TN:
SF:/Users/Mike/projects/clio/lib-themisui/src/lib/index.coffee
FNF:0
FNH:0
DA:1,1
DA:3,1
DA:5,1
DA:7,1
DA:9,1
DA:11,1
DA:13,1
DA:15,1
DA:17,1
DA:19,1
DA:21,1
DA:23,1
DA:25,1
DA:27,1
DA:29,1
DA:31,1
DA:33,1
DA:35,1
DA:37,1
DA:39,1
DA:41,1
DA:43,1
DA:45,1
DA:47,1
DA:49,1
DA:51,1
DA:53,1
DA:55,1
DA:57,1
DA:59,1
DA:61,1
DA:63,1
DA:65,1
DA:67,1
DA:69,1
DA:71,1
DA:73,1
DA:75,1
LF:38
LH:38
BRF:0
BRH:0
end_of_record
TN:
SF:/Users/Mike/projects/clio/lib-themisui/src/docs-app/javascript/prism.js
FN:2,(anonymous_1)
FN:2,(anonymous_2)
FN:2,(anonymous_3)
FN:2,(anonymous_4)
FN:2,(anonymous_5)
FN:2,(anonymous_6)
FN:2,(anonymous_7)
FN:2,(anonymous_8)
FN:2,(anonymous_9)
FN:2,(anonymous_10)
FN:2,(anonymous_11)
FN:2,(anonymous_12)
FN:2,(anonymous_13)
FN:2,(anonymous_14)
FN:2,(anonymous_15)
FN:2,(anonymous_16)
FN:2,(anonymous_17)
FN:2,(anonymous_18)
FN:2,(anonymous_19)
FN:2,(anonymous_20)
FN:3,(anonymous_21)
FN:12,(anonymous_22)
FN:13,(anonymous_23)
FN:13,(anonymous_24)
FN:13,(anonymous_25)
FN:13,(anonymous_26)
FN:13,(anonymous_27)
FN:20,(anonymous_28)
FNF:28
FNH:12
FNDA:1,(anonymous_1)
FNDA:0,(anonymous_2)
FNDA:13598,(anonymous_3)
FNDA:804,(anonymous_4)
FNDA:28,(anonymous_5)
FNDA:11,(anonymous_6)
FNDA:15,(anonymous_7)
FNDA:7661,(anonymous_8)
FNDA:2670,(anonymous_9)
FNDA:1,(anonymous_10)
FNDA:0,(anonymous_11)
FNDA:0,(anonymous_12)
FNDA:0,(anonymous_13)
FNDA:0,(anonymous_14)
FNDA:5,(anonymous_15)
FNDA:0,(anonymous_16)
FNDA:0,(anonymous_17)
FNDA:0,(anonymous_18)
FNDA:0,(anonymous_19)
FNDA:0,(anonymous_20)
FNDA:0,(anonymous_21)
FNDA:1,(anonymous_22)
FNDA:1,(anonymous_23)
FNDA:0,(anonymous_24)
FNDA:0,(anonymous_25)
FNDA:0,(anonymous_26)
FNDA:0,(anonymous_27)
FNDA:0,(anonymous_28)
DA:2,13598
DA:3,1
DA:4,1
DA:5,1
DA:6,1
DA:7,1
DA:8,1
DA:9,1
DA:10,1
DA:11,1
DA:12,1
DA:13,1
DA:14,1
DA:15,1
DA:16,1
DA:17,1
DA:18,1
DA:19,1
DA:20,1
LF:19
LH:19
BRDA:2,1,0,1
BRDA:2,1,1,0
BRDA:2,2,0,0
BRDA:2,2,1,0
BRDA:2,3,0,0
BRDA:2,3,1,0
BRDA:2,4,0,0
BRDA:2,4,1,0
BRDA:2,5,0,0
BRDA:2,5,1,0
BRDA:2,6,0,276
BRDA:2,6,1,14
BRDA:2,7,0,760
BRDA:2,7,1,760
BRDA:2,8,0,15
BRDA:2,8,1,14
BRDA:2,9,0,0
BRDA:2,9,1,15
BRDA:2,10,0,0
BRDA:2,10,1,0
BRDA:2,11,0,143
BRDA:2,11,1,0
BRDA:2,12,0,15
BRDA:2,12,1,128
BRDA:2,13,0,27
BRDA:2,13,1,27
BRDA:2,14,0,7661
BRDA:2,14,1,16
BRDA:2,14,2,0
BRDA:2,15,0,7661
BRDA:2,15,1,7661
BRDA:2,16,0,7661
BRDA:2,16,1,7407
BRDA:2,17,0,2528
BRDA:2,17,1,5133
BRDA:2,18,0,5133
BRDA:2,18,1,127
BRDA:2,19,0,0
BRDA:2,19,1,0
BRDA:2,20,0,0
BRDA:2,20,1,0
BRDA:2,21,0,0
BRDA:2,21,1,0
BRDA:2,22,0,0
BRDA:2,22,1,0
BRDA:2,23,0,0
BRDA:2,23,1,0
BRDA:2,24,0,0
BRDA:2,24,1,0
BRDA:2,25,0,0
BRDA:2,25,1,0
BRDA:2,26,0,0
BRDA:2,26,1,0
BRDA:2,27,0,0
BRDA:2,27,1,0
BRDA:2,28,0,0
BRDA:2,28,1,0
BRDA:2,29,0,0
BRDA:2,29,1,0
BRDA:2,30,0,0
BRDA:2,30,1,0
BRDA:2,31,0,0
BRDA:2,31,1,0
BRDA:2,32,0,0
BRDA:2,32,1,0
BRDA:2,33,0,0
BRDA:2,33,1,0
BRDA:2,34,0,0
BRDA:2,34,1,0
BRDA:2,35,0,0
BRDA:2,35,1,0
BRDA:2,36,0,0
BRDA:2,36,1,0
BRDA:2,37,0,0
BRDA:2,37,1,0
BRDA:2,38,0,0
BRDA:2,38,1,0
BRDA:2,39,0,0
BRDA:2,39,1,0
BRDA:2,40,0,0
BRDA:2,40,1,0
BRDA:2,41,0,5
BRDA:2,41,1,4
BRDA:2,42,0,0
BRDA:2,42,1,0
BRDA:2,43,0,0
BRDA:2,43,1,0
BRDA:2,44,0,0
BRDA:2,44,1,1
BRDA:2,45,0,0
BRDA:2,45,1,0
BRDA:2,46,0,0
BRDA:2,46,1,0
BRDA:2,47,0,0
BRDA:2,47,1,0
BRDA:2,48,0,0
BRDA:2,48,1,0
BRDA:2,49,0,0
BRDA:2,49,1,0
BRDA:2,50,0,0
BRDA:2,50,1,0
BRDA:2,51,0,0
BRDA:2,51,1,0
BRDA:2,52,0,1
BRDA:2,52,1,1
BRDA:2,53,0,1
BRDA:2,53,1,1
BRDA:2,53,2,1
BRDA:2,54,0,1
BRDA:2,54,1,1
BRDA:2,54,2,1
BRDA:3,55,0,0
BRDA:3,55,1,0
BRDA:4,56,0,1
BRDA:4,56,1,1
BRDA:6,57,0,1
BRDA:6,57,1,1
BRDA:13,58,0,0
BRDA:13,58,1,0
BRDA:13,59,0,0
BRDA:13,59,1,0
BRDA:13,60,0,0
BRDA:13,60,1,0
BRDA:20,61,0,0
BRDA:20,61,1,0
BRDA:20,62,0,0
BRDA:20,62,1,0
BRDA:20,62,2,0
BRDA:20,62,3,0
BRDA:20,63,0,0
BRDA:20,63,1,0
BRDA:20,64,0,0
BRDA:20,64,1,0
BRDA:20,65,0,0
BRDA:20,65,1,0
BRF:135
BRH:38
end_of_record
TN:
SF:/Users/Mike/projects/clio/lib-themisui/src/polyfills/index.coffee
FNF:0
FNH:0
DA:1,1
DA:3,1
DA:5,1
DA:7,1
DA:9,1
DA:11,1
DA:13,1
DA:15,1
DA:17,1
LF:9
LH:9
BRF:0
BRH:0
end_of_record
TN:
SF:/Users/Mike/projects/clio/lib-themisui/src/polyfills/Array.find.polyfill.js
FN:4,(anonymous_1)
FNF:1
FNH:1
FNDA:124,(anonymous_1)
DA:3,1
DA:4,1
DA:5,124
DA:6,0
DA:8,124
DA:9,0
DA:11,124
DA:12,124
DA:13,124
DA:14,124
DA:16,124
DA:17,169
DA:18,169
DA:19,76
DA:22,48
LF:15
LH:13
BRDA:3,1,0,1
BRDA:3,1,1,0
BRDA:5,2,0,0
BRDA:5,2,1,124
BRDA:8,3,0,0
BRDA:8,3,1,124
BRDA:18,4,0,76
BRDA:18,4,1,93
BRF:8
BRH:5
end_of_record
TN:
SF:/Users/Mike/projects/clio/lib-themisui/src/polyfills/Array.findIndex.polyfill.js
FN:8,(anonymous_1)
FNF:1
FNH:1
FNDA:18,(anonymous_1)
DA:3,1
DA:4,1
DA:9,18
DA:10,0
DA:12,18
DA:13,0
DA:15,18
DA:16,18
DA:17,18
DA:18,18
DA:20,18
DA:21,20
DA:22,20
DA:23,20
DA:24,13
DA:28,5
LF:16
LH:14
BRDA:3,1,0,1
BRDA:3,1,1,0
BRDA:9,2,0,0
BRDA:9,2,1,18
BRDA:12,3,0,0
BRDA:12,3,1,18
BRDA:21,4,0,20
BRDA:21,4,1,0
BRDA:23,5,0,13
BRDA:23,5,1,7
BRF:10
BRH:6
end_of_record
TN:
SF:/Users/Mike/projects/clio/lib-themisui/src/polyfills/Array.includes.polyfill.js
FN:4,(anonymous_1)
FNF:1
FNH:0
FNDA:0,(anonymous_1)
DA:3,1
DA:4,1
DA:6,0
DA:7,0
DA:8,0
DA:9,0
DA:11,0
DA:12,0
DA:13,0
DA:14,0
DA:16,0
DA:17,0
DA:19,0
DA:20,0
DA:21,0
DA:22,0
DA:24,0
DA:26,0
DA:28,0
LF:19
LH:2
BRDA:3,1,0,1
BRDA:3,1,1,0
BRDA:7,2,0,0
BRDA:7,2,1,0
BRDA:8,3,0,0
BRDA:8,3,1,0
BRDA:11,4,0,0
BRDA:11,4,1,0
BRDA:13,5,0,0
BRDA:13,5,1,0
BRDA:17,6,0,0
BRDA:17,6,1,0
BRDA:22,7,0,0
BRDA:22,7,1,0
BRDA:22,8,0,0
BRDA:22,8,1,0
BRDA:22,8,2,0
BRF:17
BRH:1
end_of_record
TN:
SF:/Users/Mike/projects/clio/lib-themisui/src/polyfills/Element.matches.polyfill.js
FN:1,(anonymous_1)
FN:8,(anonymous_2)
FNF:2
FNH:1
FNDA:1,(anonymous_1)
FNDA:0,(anonymous_2)
DA:1,1
DA:2,1
DA:9,0
DA:10,0
DA:11,0
DA:13,0
DA:14,0
DA:17,0
LF:8
LH:2
BRDA:2,1,0,1
BRDA:2,1,1,1
BRDA:2,1,2,1
BRDA:2,1,3,1
BRDA:2,1,4,1
BRDA:2,1,5,1
BRDA:2,1,6,0
BRDA:10,2,0,0
BRDA:10,2,1,0
BRDA:13,3,0,0
BRDA:13,3,1,0
BRDA:17,4,0,0
BRDA:17,4,1,0
BRF:13
BRH:6
end_of_record
TN:
SF:/Users/Mike/projects/clio/lib-themisui/src/polyfills/jQuery.typeAttribute.patch.js
FN:11,(anonymous_1)
FNF:1
FNH:0
FNDA:0,(anonymous_1)
DA:6,1
DA:7,1
DA:8,0
DA:15,0
DA:17,0
DA:18,0
DA:19,0
DA:20,0
DA:22,0
LF:9
LH:2
BRDA:6,1,0,1
BRDA:6,1,1,0
BRDA:7,2,0,0
BRDA:7,2,1,1
BRDA:15,3,0,0
BRDA:15,3,1,0
BRDA:15,4,0,0
BRDA:15,4,1,0
BRDA:15,4,2,0
BRDA:19,5,0,0
BRDA:19,5,1,0
BRF:11
BRH:2
end_of_record
TN:
SF:/Users/Mike/projects/clio/lib-themisui/src/polyfills/Object.assign.polyfill.js
FN:8,(anonymous_1)
FNF:1
FNH:1
FNDA:323,(anonymous_1)
DA:3,1
DA:4,1
DA:10,323
DA:11,0
DA:14,323
DA:15,323
DA:16,481
DA:17,481
DA:18,91
DA:20,390
DA:22,390
DA:23,390
DA:24,1652
DA:25,1652
DA:26,1652
DA:27,1652
DA:31,323
LF:17
LH:16
BRDA:3,1,0,1
BRDA:3,1,1,0
BRDA:10,2,0,0
BRDA:10,2,1,323
BRDA:10,3,0,323
BRDA:10,3,1,323
BRDA:17,4,0,91
BRDA:17,4,1,390
BRDA:17,5,0,481
BRDA:17,5,1,390
BRDA:26,6,0,1652
BRDA:26,6,1,0
BRDA:26,7,0,1652
BRDA:26,7,1,1652
BRF:14
BRH:11
end_of_record
TN:
SF:/Users/Mike/projects/clio/lib-themisui/src/polyfills/scrollingElement.polyfill.js
FN:2,(anonymous_1)
FN:4,computeStyle
FN:13,isBodyElement
FN:23,getNextBodyElement
FN:42,(anonymous_5)
FN:64,isRendered
FN:69,isScrollable
FN:78,(anonymous_8)
FN:103,(anonymous_9)
FNF:9
FNH:1
FNDA:1,(anonymous_1)
FNDA:0,computeStyle
FNDA:0,isBodyElement
FNDA:0,getNextBodyElement
FNDA:0,(anonymous_5)
FNDA:0,isRendered
FNDA:0,isScrollable
FNDA:0,(anonymous_8)
FNDA:0,(anonymous_9)
DA:2,1
DA:4,1
DA:5,0
DA:7,0
DA:10,0
DA:13,1
DA:16,0
DA:17,0
DA:20,0
DA:23,1
DA:29,0
DA:30,0
DA:31,0
DA:32,0
DA:36,0
DA:41,1
DA:42,1
DA:43,0
DA:44,0
DA:47,0
DA:49,0
DA:52,0
DA:53,0
DA:54,0
DA:55,0
DA:56,0
DA:57,0
DA:58,0
DA:59,0
DA:61,0
DA:64,1
DA:65,0
DA:69,1
DA:72,0
DA:73,0
DA:74,0
DA:78,1
DA:79,0
DA:80,0
DA:82,0
DA:85,0
DA:86,0
DA:88,0
DA:91,1
DA:93,1
DA:96,0
DA:98,0
DA:102,0
DA:103,0
DA:107,0
DA:108,0
LF:51
LH:11
BRDA:2,1,0,1
BRDA:2,1,1,0
BRDA:5,2,0,0
BRDA:5,2,1,0
BRDA:16,3,0,0
BRDA:16,3,1,0
BRDA:31,4,0,0
BRDA:31,4,1,0
BRDA:31,5,0,0
BRDA:31,5,1,0
BRDA:44,6,0,0
BRDA:44,6,1,0
BRDA:49,7,0,0
BRDA:49,7,1,0
BRDA:54,8,0,0
BRDA:54,8,1,0
BRDA:54,8,2,0
BRDA:65,9,0,0
BRDA:65,9,1,0
BRDA:65,10,0,0
BRDA:65,10,1,0
BRDA:74,11,0,0
BRDA:74,11,1,0
BRDA:74,11,2,0
BRDA:74,11,3,0
BRDA:79,12,0,0
BRDA:79,12,1,0
BRDA:85,13,0,0
BRDA:85,13,1,0
BRDA:86,14,0,0
BRDA:86,14,1,0
BRDA:88,15,0,0
BRDA:88,15,1,0
BRDA:88,16,0,0
BRDA:88,16,1,0
BRDA:91,17,0,1
BRDA:91,17,1,0
BRDA:96,18,0,0
BRDA:96,18,1,0
BRDA:103,19,0,0
BRDA:103,19,1,0
BRDA:107,20,0,0
BRDA:107,20,1,0
BRF:43
BRH:2
end_of_record
TN:
SF:/Users/Mike/projects/clio/lib-themisui/src/polyfills/String.includes.polyfill.js
FN:4,(anonymous_1)
FNF:1
FNH:1
FNDA:8,(anonymous_1)
DA:3,1
DA:4,1
DA:5,8
LF:3
LH:3
BRDA:3,1,0,1
BRDA:3,1,1,0
BRF:2
BRH:1
end_of_record
TN:
SF:/Users/Mike/projects/clio/lib-themisui/src/lib/services/index.coffee
FNF:0
FNH:0
DA:1,1
LF:1
LH:1
BRF:0
BRH:0
end_of_record
TN:
SF:/Users/Mike/projects/clio/lib-themisui/src/lib/services/utilities.service.coffee
FN:1,(anonymous_1)
FN:3,(anonymous_2)
FN:4,(anonymous_3)
FN:16,(anonymous_4)
FNF:4
FNH:3
FNDA:225,(anonymous_1)
FNDA:30,(anonymous_2)
FNDA:16,(anonymous_3)
FNDA:0,(anonymous_4)
DA:1,1
DA:2,225
DA:3,225
DA:4,30
DA:5,16
DA:16,225
DA:17,0
DA:18,0
DA:19,0
DA:21,0
DA:22,0
DA:23,0
DA:24,0
DA:25,0
DA:26,0
DA:27,0
DA:28,0
DA:30,225
LF:18
LH:7
BRDA:18,1,0,0
BRDA:18,1,1,0
BRDA:27,2,0,0
BRDA:27,2,1,0
BRF:4
BRH:0
end_of_record
TN:
SF:/Users/Mike/projects/clio/lib-themisui/src/lib/thActionBar/index.coffee
FNF:0
FNH:0
DA:1,1
DA:3,1
DA:5,1
LF:3
LH:3
BRF:0
BRH:0
end_of_record
TN:
SF:/Users/Mike/projects/clio/lib-themisui/src/lib/thActionBar/thActionBar.directive.coffee
FN:5,(anonymous_1)
FN:17,(anonymous_2)
FN:19,(anonymous_3)
FN:32,(anonymous_4)
FN:35,(anonymous_5)
FN:38,(anonymous_6)
FNF:6
FNH:5
FNDA:16,(anonymous_1)
FNDA:16,(anonymous_2)
FNDA:20,(anonymous_3)
FNDA:126,(anonymous_4)
FNDA:0,(anonymous_5)
FNDA:2,(anonymous_6)
DA:1,1
DA:3,1
DA:5,1
DA:6,16
DA:18,16
DA:19,16
DA:20,20
DA:21,15
DA:22,15
DA:24,5
DA:27,16
DA:28,16
DA:29,16
DA:30,16
DA:31,16
DA:32,16
DA:33,126
DA:35,16
DA:36,0
DA:38,16
DA:39,2
DA:40,2
LF:22
LH:21
BRDA:20,1,0,15
BRDA:20,1,1,5
BRDA:27,2,0,16
BRDA:27,2,1,13
BRDA:31,3,0,16
BRDA:31,3,1,13
BRDA:33,4,0,126
BRDA:33,4,1,34
BRF:8
BRH:8
end_of_record
TN:
SF:/Users/Mike/projects/clio/lib-themisui/src/lib/thActionBar/thActionBarDelegate.service.coffee
FN:1,(anonymous_1)
FN:3,(anonymous_2)
FN:23,(anonymous_3)
FN:27,(anonymous_4)
FN:41,(anonymous_5)
FN:44,(anonymous_6)
FN:50,(anonymous_7)
FN:61,(anonymous_8)
FN:66,(anonymous_9)
FN:70,(anonymous_10)
FN:74,(anonymous_11)
FN:78,(anonymous_12)
FN:90,(anonymous_13)
FN:103,(anonymous_14)
FN:116,(anonymous_15)
FN:118,(anonymous_16)
FN:120,(anonymous_17)
FN:122,(anonymous_18)
FN:135,(anonymous_19)
FN:143,(anonymous_20)
FN:144,(anonymous_21)
FN:160,(anonymous_22)
FN:161,(anonymous_23)
FN:177,(anonymous_24)
FN:178,(anonymous_25)
FN:188,(anonymous_26)
FN:193,(anonymous_27)
FN:203,(anonymous_28)
FN:216,(anonymous_29)
FN:240,(anonymous_30)
FN:250,(anonymous_31)
FN:259,(anonymous_32)
FN:274,(anonymous_33)
FN:276,(anonymous_34)
FNF:34
FNH:32
FNDA:38,(anonymous_1)
FNDA:38,(anonymous_2)
FNDA:35,(anonymous_3)
FNDA:34,(anonymous_4)
FNDA:36,(anonymous_5)
FNDA:116,(anonymous_6)
FNDA:19,(anonymous_7)
FNDA:15,(anonymous_8)
FNDA:7,(anonymous_9)
FNDA:12,(anonymous_10)
FNDA:116,(anonymous_11)
FNDA:232,(anonymous_12)
FNDA:112,(anonymous_13)
FNDA:0,(anonymous_14)
FNDA:147,(anonymous_15)
FNDA:398,(anonymous_16)
FNDA:308,(anonymous_17)
FNDA:382,(anonymous_18)
FNDA:398,(anonymous_19)
FNDA:44,(anonymous_20)
FNDA:0,(anonymous_21)
FNDA:116,(anonymous_22)
FNDA:62,(anonymous_23)
FNDA:56,(anonymous_24)
FNDA:66,(anonymous_25)
FNDA:147,(anonymous_26)
FNDA:331,(anonymous_27)
FNDA:35,(anonymous_28)
FNDA:47,(anonymous_29)
FNDA:15,(anonymous_30)
FNDA:4,(anonymous_31)
FNDA:8,(anonymous_32)
FNDA:15,(anonymous_33)
FNDA:74,(anonymous_34)
DA:1,1
DA:2,38
DA:3,38
DA:4,38
DA:5,38
DA:6,0
DA:8,38
DA:9,38
DA:10,1
DA:12,37
DA:13,1
DA:15,36
DA:16,1
DA:18,35
DA:19,35
DA:20,35
DA:21,35
DA:22,35
DA:23,35
DA:24,35
DA:25,35
DA:27,35
DA:28,34
DA:29,34
DA:32,34
DA:33,34
DA:34,34
DA:39,34
DA:40,34
DA:41,34
DA:42,36
DA:44,34
DA:45,116
DA:46,112
DA:48,116
DA:50,34
DA:51,19
DA:52,19
DA:54,19
DA:55,0
DA:57,19
DA:59,34
DA:61,35
DA:62,15
DA:63,15
DA:67,7
DA:70,35
DA:71,12
DA:72,12
DA:74,35
DA:75,116
DA:76,116
DA:77,116
DA:78,116
DA:79,232
DA:80,232
DA:81,44
DA:82,44
DA:83,56
DA:84,56
DA:86,44
DA:90,35
DA:91,112
DA:92,112
DA:93,112
DA:94,0
DA:95,0
DA:96,0
DA:97,0
DA:98,0
DA:99,0
DA:100,0
DA:101,0
DA:102,0
DA:103,0
DA:104,0
DA:106,0
DA:107,0
DA:108,0
DA:114,112
DA:116,35
DA:117,147
DA:118,147
DA:119,398
DA:120,234
DA:121,308
DA:122,308
DA:123,382
DA:125,308
DA:126,0
DA:127,0
DA:133,147
DA:134,147
DA:135,147
DA:136,398
DA:137,398
DA:138,398
DA:139,398
DA:143,35
DA:144,44
DA:145,0
DA:146,0
DA:147,0
DA:148,0
DA:149,0
DA:150,0
DA:151,0
DA:152,0
DA:154,0
DA:157,0
DA:160,35
DA:161,116
DA:162,62
DA:163,62
DA:165,62
DA:166,17
DA:168,62
DA:169,62
DA:170,38
DA:172,62
DA:173,38
DA:177,35
DA:178,56
DA:179,66
DA:180,66
DA:182,66
DA:183,16
DA:185,66
DA:188,35
DA:189,147
DA:190,147
DA:191,147
DA:192,398
DA:193,398
DA:194,331
DA:196,398
DA:197,398
DA:198,289
DA:201,147
DA:203,35
DA:204,35
DA:205,35
DA:209,35
DA:210,35
DA:211,55
DA:212,55
DA:214,35
DA:216,35
DA:217,47
DA:218,47
DA:219,12
DA:220,12
DA:221,12
DA:222,40
DA:223,40
DA:224,40
DA:225,40
DA:226,16
DA:227,20
DA:228,20
DA:233,47
DA:234,47
DA:235,47
DA:236,47
DA:237,47
DA:238,47
DA:240,35
DA:241,15
DA:242,15
DA:243,15
DA:244,4
DA:245,4
DA:247,11
DA:250,35
DA:251,4
DA:252,4
DA:253,4
DA:254,4
DA:255,12
DA:256,12
DA:257,12
DA:258,4
DA:259,4
DA:260,8
DA:266,0
DA:269,8
DA:272,4
DA:274,35
DA:275,15
DA:276,15
DA:277,74
DA:278,74
DA:279,74
DA:280,74
DA:281,16
DA:282,16
DA:283,16
DA:284,28
DA:285,28
DA:286,28
DA:287,24
DA:290,16
DA:291,14
DA:295,14
DA:298,58
DA:299,29
DA:305,74
DA:307,15
DA:308,15
DA:309,46
DA:310,46
DA:311,46
DA:312,19
DA:315,15
DA:317,35
DA:318,35
LF:216
LH:187
BRDA:5,1,0,0
BRDA:5,1,1,38
BRDA:9,2,0,1
BRDA:9,2,1,37
BRDA:12,3,0,1
BRDA:12,3,1,36
BRDA:15,4,0,1
BRDA:15,4,1,35
BRDA:45,5,0,112
BRDA:45,5,1,4
BRDA:51,6,0,19
BRDA:51,6,1,0
BRDA:54,7,0,0
BRDA:54,7,1,19
BRDA:65,8,0,5
BRDA:65,8,1,10
BRDA:80,9,0,44
BRDA:80,9,1,188
BRDA:93,10,0,0
BRDA:93,10,1,112
BRDA:96,11,0,0
BRDA:96,11,1,0
BRDA:96,12,0,0
BRDA:96,12,1,0
BRDA:107,13,0,0
BRDA:107,13,1,0
BRDA:119,14,0,234
BRDA:119,14,1,164
BRDA:119,15,0,398
BRDA:119,15,1,326
BRDA:119,15,2,238
BRDA:122,16,0,308
BRDA:122,16,1,0
BRDA:125,17,0,0
BRDA:125,17,1,308
BRDA:126,18,0,0
BRDA:126,18,1,0
BRDA:134,19,0,147
BRDA:134,19,1,0
BRDA:151,20,0,0
BRDA:151,20,1,0
BRDA:162,21,0,62
BRDA:162,21,1,0
BRDA:165,22,0,17
BRDA:165,22,1,45
BRDA:169,23,0,38
BRDA:169,23,1,24
BRDA:172,24,0,38
BRDA:172,24,1,24
BRDA:179,25,0,66
BRDA:179,25,1,0
BRDA:182,26,0,16
BRDA:182,26,1,50
BRDA:193,27,0,276
BRDA:193,27,1,122
BRDA:197,28,0,289
BRDA:197,28,1,109
BRDA:197,29,0,398
BRDA:197,29,1,125
BRDA:218,30,0,12
BRDA:218,30,1,35
BRDA:225,31,0,16
BRDA:225,31,1,24
BRDA:243,32,0,4
BRDA:243,32,1,11
BRDA:257,33,0,4
BRDA:257,33,1,8
BRDA:258,34,0,4
BRDA:258,34,1,0
BRDA:258,35,0,4
BRDA:258,35,1,0
BRDA:280,36,0,16
BRDA:280,36,1,58
BRDA:286,37,0,24
BRDA:286,37,1,4
BRDA:290,38,0,14
BRDA:290,38,1,2
BRDA:298,39,0,29
BRDA:298,39,1,29
BRDA:311,40,0,19
BRDA:311,40,1,27
BRF:81
BRH:60
end_of_record
TN:
SF:/Users/Mike/projects/clio/lib-themisui/src/lib/thActionBar/thSelectableCollection.service.coffee
FN:1,(anonymous_1)
FN:3,(anonymous_2)
FN:18,(anonymous_3)
FN:19,(anonymous_4)
FN:24,(anonymous_5)
FN:41,(anonymous_6)
FN:44,(anonymous_7)
FN:46,(anonymous_8)
FN:59,(anonymous_9)
FN:70,(anonymous_10)
FN:82,(anonymous_11)
FN:93,(anonymous_12)
FN:96,(anonymous_13)
FN:100,(anonymous_14)
FN:104,(anonymous_15)
FN:117,(anonymous_16)
FN:120,(anonymous_17)
FN:126,(anonymous_18)
FN:128,(anonymous_19)
FN:154,(anonymous_20)
FN:157,(anonymous_21)
FN:162,(anonymous_22)
FN:167,(anonymous_23)
FN:169,(anonymous_24)
FN:172,(anonymous_25)
FN:177,(anonymous_26)
FN:179,(anonymous_27)
FN:182,(anonymous_28)
FN:187,(anonymous_29)
FN:188,(anonymous_30)
FN:189,(anonymous_31)
FN:194,(anonymous_32)
FN:226,(anonymous_33)
FN:227,(anonymous_34)
FN:229,(anonymous_35)
FN:243,(anonymous_36)
FN:244,(anonymous_37)
FN:255,(anonymous_38)
FN:263,(anonymous_39)
FN:264,(anonymous_40)
FN:267,(anonymous_41)
FNF:41
FNH:37
FNDA:68,(anonymous_1)
FNDA:182,(anonymous_2)
FNDA:12,(anonymous_3)
FNDA:42,(anonymous_4)
FNDA:471,(anonymous_5)
FNDA:3,(anonymous_6)
FNDA:185,(anonymous_7)
FNDA:372,(anonymous_8)
FNDA:728,(anonymous_9)
FNDA:423,(anonymous_10)
FNDA:118,(anonymous_11)
FNDA:544,(anonymous_12)
FNDA:875,(anonymous_13)
FNDA:238,(anonymous_14)
FNDA:70,(anonymous_15)
FNDA:68,(anonymous_16)
FNDA:155,(anonymous_17)
FNDA:306,(anonymous_18)
FNDA:618,(anonymous_19)
FNDA:306,(anonymous_20)
FNDA:238,(anonymous_21)
FNDA:68,(anonymous_22)
FNDA:66,(anonymous_23)
FNDA:103,(anonymous_24)
FNDA:95,(anonymous_25)
FNDA:14,(anonymous_26)
FNDA:17,(anonymous_27)
FNDA:17,(anonymous_28)
FNDA:70,(anonymous_29)
FNDA:70,(anonymous_30)
FNDA:66,(anonymous_31)
FNDA:0,(anonymous_32)
FNDA:194,(anonymous_33)
FNDA:0,(anonymous_34)
FNDA:0,(anonymous_35)
FNDA:118,(anonymous_36)
FNDA:92,(anonymous_37)
FNDA:66,(anonymous_38)
FNDA:372,(anonymous_39)
FNDA:0,(anonymous_40)
FNDA:194,(anonymous_41)
DA:1,1
DA:2,68
DA:3,68
DA:4,182
DA:5,182
DA:6,0
DA:8,182
DA:9,182
DA:10,182
DA:11,182
DA:12,182
DA:13,182
DA:14,182
DA:15,182
DA:16,182
DA:17,182
DA:18,182
DA:19,12
DA:20,42
DA:21,42
DA:24,182
DA:25,471
DA:26,471
DA:27,471
DA:28,866
DA:29,866
DA:30,866
DA:31,304
DA:32,304
DA:33,304
DA:34,304
DA:36,562
DA:39,471
DA:41,182
DA:42,3
DA:44,182
DA:45,185
DA:46,185
DA:47,372
DA:48,372
DA:58,372
DA:59,372
DA:60,728
DA:61,728
DA:62,118
DA:63,118
DA:64,118
DA:65,118
DA:68,372
DA:69,372
DA:70,372
DA:71,423
DA:73,372
DA:74,372
DA:80,185
DA:82,182
DA:83,118
DA:84,118
DA:85,118
DA:86,118
DA:93,182
DA:94,544
DA:95,544
DA:96,544
DA:97,875
DA:100,182
DA:101,238
DA:102,238
DA:103,51
DA:104,51
DA:105,70
DA:107,51
DA:108,51
DA:110,0
DA:117,182
DA:118,68
DA:119,68
DA:120,68
DA:121,155
DA:122,68
DA:126,182
DA:127,306
DA:128,306
DA:129,618
DA:130,424
DA:132,194
DA:135,306
DA:136,193
DA:137,193
DA:138,6
DA:139,4
DA:143,113
DA:144,113
DA:145,79
DA:146,28
DA:150,306
DA:151,253
DA:154,182
DA:155,306
DA:157,182
DA:158,238
DA:159,238
DA:160,238
DA:162,182
DA:163,68
DA:164,68
DA:165,68
DA:167,182
DA:168,66
DA:169,66
DA:170,103
DA:172,66
DA:173,95
DA:175,66
DA:177,182
DA:178,14
DA:179,14
DA:180,17
DA:182,14
DA:183,17
DA:185,14
DA:187,182
DA:188,70
DA:189,70
DA:190,66
DA:191,66
DA:192,66
DA:193,19
DA:194,0
DA:195,0
DA:201,19
DA:202,46
DA:203,46
DA:209,19
DA:211,47
DA:212,47
DA:213,47
DA:214,57
DA:215,57
DA:222,66
DA:226,182
DA:227,194
DA:228,0
DA:229,0
DA:230,0
DA:231,0
DA:233,0
DA:236,0
DA:237,0
DA:238,0
DA:240,0
DA:243,182
DA:244,118
DA:245,92
DA:246,92
DA:247,92
DA:248,22
DA:249,14
DA:250,14
DA:253,92
DA:254,70
DA:255,70
DA:256,66
DA:257,66
DA:258,66
DA:263,182
DA:264,372
DA:265,0
DA:267,372
DA:268,194
DA:269,143
DA:271,51
DA:273,194
DA:276,182
DA:277,182
DA:278,118
DA:280,182
LF:177
LH:163
BRDA:5,1,0,0
BRDA:5,1,1,182
BRDA:8,2,0,182
BRDA:8,2,1,0
BRDA:8,3,0,0
BRDA:8,3,1,182
BRDA:8,4,0,142
BRDA:8,4,1,40
BRDA:8,5,0,118
BRDA:8,5,1,64
BRDA:30,6,0,304
BRDA:30,6,1,562
BRDA:61,7,0,118
BRDA:61,7,1,610
BRDA:73,8,0,372
BRDA:73,8,1,0
BRDA:80,9,0,120
BRDA:80,9,1,65
BRDA:97,10,0,875
BRDA:97,10,1,544
BRDA:102,11,0,51
BRDA:102,11,1,187
BRDA:107,12,0,51
BRDA:107,12,1,0
BRDA:121,13,0,68
BRDA:121,13,1,87
BRDA:129,14,0,424
BRDA:129,14,1,194
BRDA:135,15,0,193
BRDA:135,15,1,113
BRDA:137,16,0,6
BRDA:137,16,1,187
BRDA:138,17,0,4
BRDA:138,17,1,2
BRDA:144,18,0,79
BRDA:144,18,1,34
BRDA:145,19,0,28
BRDA:145,19,1,51
BRDA:150,20,0,253
BRDA:150,20,1,53
BRDA:192,21,0,19
BRDA:192,21,1,47
BRDA:193,22,0,0
BRDA:193,22,1,19
BRDA:230,23,0,0
BRDA:230,23,1,0
BRDA:236,24,0,0
BRDA:236,24,1,0
BRDA:236,24,2,0
BRDA:237,25,0,0
BRDA:237,25,1,0
BRDA:247,26,0,22
BRDA:247,26,1,70
BRDA:248,27,0,14
BRDA:248,27,1,8
BRDA:253,28,0,70
BRDA:253,28,1,22
BRDA:268,29,0,143
BRDA:268,29,1,51
BRDA:277,30,0,118
BRDA:277,30,1,64
BRF:61
BRH:48
end_of_record
TN:
SF:/Users/Mike/projects/clio/lib-themisui/src/lib/thAlert/index.coffee
FNF:0
FNH:0
DA:1,1
DA:3,1
LF:2
LH:2
BRF:0
BRH:0
end_of_record
TN:
SF:/Users/Mike/projects/clio/lib-themisui/src/lib/thAlert/thAlertManager.service.coffee
FN:1,(anonymous_1)
FN:5,(anonymous_2)
FN:9,(anonymous_3)
FN:13,(anonymous_4)
FN:17,(anonymous_5)
FN:24,(anonymous_6)
FN:28,(anonymous_7)
FN:32,(anonymous_8)
FNF:8
FNH:7
FNDA:11,(anonymous_1)
FNDA:3,(anonymous_2)
FNDA:2,(anonymous_3)
FNDA:2,(anonymous_4)
FNDA:8,(anonymous_5)
FNDA:1,(anonymous_6)
FNDA:8,(anonymous_7)
FNDA:0,(anonymous_8)
DA:1,1
DA:2,11
DA:3,11
DA:4,11
DA:5,11
DA:6,3
DA:7,3
DA:9,11
DA:10,2
DA:11,2
DA:13,11
DA:14,2
DA:15,2
DA:17,11
DA:18,8
DA:19,7
DA:21,8
DA:22,8
DA:24,11
DA:25,1
DA:26,1
DA:28,11
DA:29,8
DA:30,8
DA:31,8
DA:32,8
DA:33,0
DA:34,0
DA:38,11
LF:29
LH:27
BRDA:18,1,0,7
BRDA:18,1,1,1
BRDA:30,2,0,8
BRDA:30,2,1,0
BRDA:31,3,0,0
BRDA:31,3,1,8
BRF:6
BRH:4
end_of_record
TN:
SF:/Users/Mike/projects/clio/lib-themisui/src/lib/thAlert/thAlertAnchor.directive.coffee
FN:1,(anonymous_1)
FN:7,(anonymous_2)
FN:9,(anonymous_3)
FNF:3
FNH:3
FNDA:4,(anonymous_1)
FNDA:4,(anonymous_2)
FNDA:1,(anonymous_3)
DA:1,1
DA:2,4
DA:8,4
DA:9,4
DA:10,1
LF:5
LH:5
BRF:0
BRH:0
end_of_record
TN:
SF:/Users/Mike/projects/clio/lib-themisui/src/lib/thAutocomplete/index.coffee
FNF:0
FNH:0
DA:1,1
LF:1
LH:1
BRF:0
BRH:0
end_of_record
TN:
SF:/Users/Mike/projects/clio/lib-themisui/src/lib/thAutocomplete/thAutocomplete.directive.coffee
FN:7,(anonymous_1)
FN:24,(anonymous_2)
FN:36,(anonymous_3)
FN:55,(anonymous_4)
FN:61,(anonymous_5)
FN:62,(anonymous_6)
FN:71,(anonymous_7)
FN:72,(anonymous_8)
FN:73,(anonymous_9)
FN:87,(anonymous_10)
FN:88,(anonymous_11)
FN:89,(anonymous_12)
FN:95,(anonymous_13)
FN:105,(anonymous_14)
FN:112,(anonymous_15)
FN:114,(anonymous_16)
FN:140,(anonymous_17)
FN:141,(anonymous_18)
FN:149,(anonymous_19)
FN:160,(anonymous_20)
FN:173,(anonymous_21)
FN:181,(anonymous_22)
FN:187,(anonymous_23)
FN:190,(anonymous_24)
FN:196,(anonymous_25)
FN:199,(anonymous_26)
FN:204,(anonymous_27)
FN:210,(anonymous_28)
FN:213,(anonymous_29)
FN:220,(anonymous_30)
FN:226,(anonymous_31)
FN:227,(anonymous_32)
FN:232,(anonymous_33)
FNF:33
FNH:26
FNDA:43,(anonymous_1)
FNDA:43,(anonymous_2)
FNDA:42,(anonymous_3)
FNDA:45,(anonymous_4)
FNDA:45,(anonymous_5)
FNDA:25,(anonymous_6)
FNDA:50,(anonymous_7)
FNDA:50,(anonymous_8)
FNDA:50,(anonymous_9)
FNDA:43,(anonymous_10)
FNDA:43,(anonymous_11)
FNDA:26,(anonymous_12)
FNDA:45,(anonymous_13)
FNDA:486,(anonymous_14)
FNDA:0,(anonymous_15)
FNDA:0,(anonymous_16)
FNDA:36,(anonymous_17)
FNDA:23,(anonymous_18)
FNDA:2,(anonymous_19)
FNDA:17,(anonymous_20)
FNDA:62,(anonymous_21)
FNDA:43,(anonymous_22)
FNDA:43,(anonymous_23)
FNDA:26,(anonymous_24)
FNDA:3,(anonymous_25)
FNDA:0,(anonymous_26)
FNDA:0,(anonymous_27)
FNDA:0,(anonymous_28)
FNDA:0,(anonymous_29)
FNDA:1,(anonymous_30)
FNDA:3,(anonymous_31)
FNDA:2,(anonymous_32)
FNDA:0,(anonymous_33)
DA:1,1
DA:3,1
DA:5,1
DA:7,1
DA:8,43
DA:9,43
DA:10,43
DA:11,0
DA:13,43
DA:14,25
DA:16,18
DA:17,18
DA:18,0
DA:20,18
DA:24,1
DA:25,43
DA:26,43
DA:27,43
DA:28,43
DA:29,43
DA:30,43
DA:31,43
DA:32,43
DA:33,43
DA:36,1
DA:37,42
DA:56,45
DA:57,45
DA:58,45
DA:59,45
DA:60,45
DA:61,45
DA:62,45
DA:63,25
DA:64,1
DA:66,24
DA:67,24
DA:68,24
DA:71,45
DA:72,50
DA:73,50
DA:74,50
DA:75,50
DA:76,50
DA:77,50
DA:78,0
DA:79,0
DA:82,50
DA:87,45
DA:88,43
DA:89,43
DA:90,26
DA:96,45
DA:97,45
DA:98,45
DA:99,45
DA:100,45
DA:101,45
DA:102,45
DA:103,2
DA:105,43
DA:106,486
DA:107,486
DA:109,0
DA:111,43
DA:112,0
DA:113,0
DA:115,0
DA:116,0
DA:120,43
DA:121,43
DA:127,43
DA:128,43
DA:129,43
DA:130,43
DA:131,43
DA:132,43
DA:133,43
DA:134,43
DA:135,43
DA:136,43
DA:137,43
DA:138,43
DA:139,43
DA:140,43
DA:141,36
DA:142,23
DA:143,23
DA:144,23
DA:145,23
DA:146,23
DA:149,43
DA:150,2
DA:151,2
DA:152,2
DA:153,2
DA:154,2
DA:155,2
DA:156,1
DA:160,43
DA:161,17
DA:162,17
DA:163,17
DA:164,16
DA:165,16
DA:166,13
DA:169,17
DA:170,17
DA:173,43
DA:174,62
DA:175,17
DA:176,17
DA:177,17
DA:181,43
DA:182,43
DA:183,43
DA:185,43
DA:186,43
DA:187,43
DA:188,43
DA:190,43
DA:191,26
DA:192,26
DA:193,26
DA:194,26
DA:195,26
DA:196,26
DA:197,3
DA:199,26
DA:200,0
DA:201,0
DA:202,0
DA:203,0
DA:204,0
DA:205,0
DA:209,26
DA:210,26
DA:211,0
DA:213,26
DA:214,0
DA:215,0
DA:216,0
DA:217,0
DA:220,26
DA:221,1
DA:222,1
DA:223,1
DA:226,26
DA:227,3
DA:228,2
DA:229,2
DA:230,2
DA:231,2
DA:232,0
DA:233,0
DA:237,3
DA:238,3
DA:240,3
DA:241,1
DA:243,2
DA:244,2
LF:161
LH:139
BRDA:10,1,0,0
BRDA:10,1,1,43
BRDA:13,2,0,25
BRDA:13,2,1,18
BRDA:17,3,0,0
BRDA:17,3,1,18
BRDA:63,4,0,1
BRDA:63,4,1,24
BRDA:77,5,0,0
BRDA:77,5,1,50
BRDA:78,6,0,0
BRDA:78,6,1,0
BRDA:99,7,0,45
BRDA:99,7,1,34
BRDA:102,8,0,2
BRDA:102,8,1,43
BRDA:102,9,0,44
BRDA:102,9,1,1
BRDA:106,10,0,486
BRDA:106,10,1,0
BRDA:106,11,0,486
BRDA:106,11,1,0
BRDA:109,12,0,0
BRDA:109,12,1,0
BRDA:109,12,2,0
BRDA:111,13,0,0
BRDA:111,13,1,43
BRDA:111,14,0,43
BRDA:111,14,1,0
BRDA:111,14,2,0
BRDA:111,14,3,0
BRDA:115,15,0,0
BRDA:115,15,1,0
BRDA:115,16,0,0
BRDA:115,16,1,0
BRDA:120,17,0,20
BRDA:120,17,1,23
BRDA:131,18,0,19
BRDA:131,18,1,24
BRDA:133,19,0,1
BRDA:133,19,1,42
BRDA:144,20,0,23
BRDA:144,20,1,5
BRDA:144,21,0,18
BRDA:144,21,1,5
BRDA:151,22,0,2
BRDA:151,22,1,0
BRDA:153,23,0,2
BRDA:153,23,1,0
BRDA:154,24,0,2
BRDA:154,24,1,0
BRDA:155,25,0,1
BRDA:155,25,1,1
BRDA:155,26,0,2
BRDA:155,26,1,2
BRDA:162,27,0,16
BRDA:162,27,1,1
BRDA:163,28,0,16
BRDA:163,28,1,1
BRDA:165,29,0,13
BRDA:165,29,1,3
BRDA:169,30,0,17
BRDA:169,30,1,0
BRDA:174,31,0,17
BRDA:174,31,1,45
BRDA:176,32,0,17
BRDA:176,32,1,0
BRDA:197,33,0,0
BRDA:197,33,1,3
BRDA:202,34,0,0
BRDA:202,34,1,0
BRDA:202,35,0,0
BRDA:202,35,1,0
BRDA:216,36,0,0
BRDA:216,36,1,0
BRDA:222,37,0,1
BRDA:222,37,1,0
BRDA:229,38,0,2
BRDA:229,38,1,0
BRDA:229,39,0,2
BRDA:229,39,1,0
BRDA:229,40,0,0
BRDA:229,40,1,2
BRDA:231,41,0,0
BRDA:231,41,1,2
BRDA:231,42,0,2
BRDA:231,42,1,2
BRDA:237,43,0,3
BRDA:237,43,1,0
BRDA:240,44,0,1
BRDA:240,44,1,2
BRF:91
BRH:55
end_of_record
TN:
SF:/Users/Mike/projects/clio/lib-themisui/src/lib/thBindMarkdown/index.coffee
FNF:0
FNH:0
DA:1,1
LF:1
LH:1
BRF:0
BRH:0
end_of_record
TN:
SF:/Users/Mike/projects/clio/lib-themisui/src/lib/thBindMarkdown/thBindMarkdown.directive.coffee
FN:8,(anonymous_1)
FN:16,(anonymous_2)
FN:19,(anonymous_3)
FN:31,(anonymous_4)
FN:36,(anonymous_5)
FN:39,(anonymous_6)
FN:40,(anonymous_7)
FNF:7
FNH:0
FNDA:0,(anonymous_1)
FNDA:0,(anonymous_2)
FNDA:0,(anonymous_3)
FNDA:0,(anonymous_4)
FNDA:0,(anonymous_5)
FNDA:0,(anonymous_6)
FNDA:0,(anonymous_7)
DA:1,1
DA:3,1
DA:5,1
DA:7,1
DA:9,0
DA:10,0
DA:13,0
DA:14,0
DA:17,0
DA:18,0
DA:19,0
DA:20,0
DA:21,0
DA:23,0
DA:26,0
DA:30,1
DA:32,0
DA:36,1
DA:37,0
DA:40,0
DA:41,0
DA:42,0
DA:43,0
DA:45,0
DA:46,0
DA:47,0
DA:48,0
LF:27
LH:6
BRDA:14,1,0,0
BRDA:14,1,1,0
BRDA:20,2,0,0
BRDA:20,2,1,0
BRDA:42,3,0,0
BRDA:42,3,1,0
BRF:6
BRH:0
end_of_record
TN:
SF:/Users/Mike/projects/clio/lib-themisui/src/lib/thButton/index.coffee
FNF:0
FNH:0
DA:1,1
LF:1
LH:1
BRF:0
BRH:0
end_of_record
TN:
SF:/Users/Mike/projects/clio/lib-themisui/src/lib/thButton/thButton.directive.coffee
FN:2,(anonymous_1)
FN:6,(anonymous_2)
FN:17,(anonymous_3)
FN:27,(anonymous_4)
FN:42,(anonymous_5)
FNF:5
FNH:3
FNDA:0,(anonymous_1)
FNDA:41,(anonymous_2)
FNDA:51,(anonymous_3)
FNDA:48,(anonymous_4)
FNDA:0,(anonymous_5)
DA:1,1
DA:2,0
DA:4,1
DA:6,1
DA:7,41
DA:18,51
DA:20,2
DA:22,49
DA:28,48
DA:29,48
DA:30,48
DA:31,33
DA:33,48
DA:34,48
DA:35,48
DA:36,48
DA:37,48
DA:38,48
DA:39,1
DA:40,1
DA:42,48
DA:43,0
DA:44,0
LF:23
LH:20
BRDA:2,1,0,1
BRDA:2,1,1,0
BRDA:2,2,0,0
BRDA:2,2,1,0
BRDA:2,3,0,0
BRDA:2,3,1,0
BRDA:18,4,0,2
BRDA:18,4,1,49
BRDA:29,5,0,48
BRDA:29,5,1,46
BRDA:30,6,0,33
BRDA:30,6,1,15
BRDA:34,7,0,28
BRDA:34,7,1,20
BRDA:34,8,0,43
BRDA:34,8,1,5
BRDA:35,9,0,48
BRDA:35,9,1,48
BRDA:36,10,0,1
BRDA:36,10,1,47
BRDA:38,11,0,1
BRDA:38,11,1,47
BRDA:43,12,0,0
BRDA:43,12,1,0
BRDA:43,13,0,0
BRDA:43,13,1,0
BRF:26
BRH:17
end_of_record
TN:
SF:/Users/Mike/projects/clio/lib-themisui/src/lib/thCheckbox/index.coffee
FNF:0
FNH:0
DA:1,1
LF:1
LH:1
BRF:0
BRH:0
end_of_record
TN:
SF:/Users/Mike/projects/clio/lib-themisui/src/lib/thCheckbox/thCheckbox.directive.coffee
FN:1,(anonymous_1)
FN:16,(anonymous_2)
FN:17,(anonymous_3)
FN:18,(anonymous_4)
FN:19,(anonymous_5)
FN:27,(anonymous_6)
FN:28,(anonymous_7)
FNF:7
FNH:7
FNDA:54,(anonymous_1)
FNDA:65,(anonymous_2)
FNDA:16,(anonymous_3)
FNDA:16,(anonymous_4)
FNDA:16,(anonymous_5)
FNDA:65,(anonymous_6)
FNDA:17,(anonymous_7)
DA:1,1
DA:2,54
DA:17,65
DA:18,16
DA:19,16
DA:20,16
DA:23,16
DA:24,16
DA:27,65
DA:28,65
DA:29,17
DA:30,17
DA:31,16
LF:13
LH:13
BRDA:23,1,0,16
BRDA:23,1,1,0
BRDA:30,2,0,16
BRDA:30,2,1,1
BRF:4
BRH:3
end_of_record
TN:
SF:/Users/Mike/projects/clio/lib-themisui/src/lib/thCompile/index.coffee
FNF:0
FNH:0
DA:1,1
LF:1
LH:1
BRF:0
BRH:0
end_of_record
TN:
SF:/Users/Mike/projects/clio/lib-themisui/src/lib/thCompile/thCompile.directive.coffee
FN:1,(anonymous_1)
FN:2,(anonymous_2)
FN:3,(anonymous_3)
FN:5,(anonymous_4)
FNF:4
FNH:4
FNDA:14,(anonymous_1)
FNDA:14,(anonymous_2)
FNDA:54,(anonymous_3)
FNDA:15,(anonymous_4)
DA:1,1
DA:2,14
DA:3,14
DA:4,54
DA:6,15
DA:7,15
LF:6
LH:6
BRF:0
BRH:0
end_of_record
TN:
SF:/Users/Mike/projects/clio/lib-themisui/src/lib/thComponentExample/index.coffee
FNF:0
FNH:0
DA:1,1
LF:1
LH:1
BRF:0
BRH:0
end_of_record
TN:
SF:/Users/Mike/projects/clio/lib-themisui/src/lib/thComponentExample/thComponentExample.directive.coffee
FN:1,(anonymous_1)
FN:10,(anonymous_2)
FN:17,(anonymous_3)
FN:24,(anonymous_4)
FN:36,(anonymous_5)
FN:49,(anonymous_6)
FN:51,(anonymous_7)
FN:69,(anonymous_8)
FN:73,(anonymous_9)
FN:86,(anonymous_10)
FNF:10
FNH:0
FNDA:0,(anonymous_1)
FNDA:0,(anonymous_2)
FNDA:0,(anonymous_3)
FNDA:0,(anonymous_4)
FNDA:0,(anonymous_5)
FNDA:0,(anonymous_6)
FNDA:0,(anonymous_7)
FNDA:0,(anonymous_8)
FNDA:0,(anonymous_9)
FNDA:0,(anonymous_10)
DA:1,1
DA:2,0
DA:11,0
DA:12,0
DA:13,0
DA:14,0
DA:15,0
DA:16,0
DA:17,0
DA:18,0
DA:19,0
DA:20,0
DA:21,0
DA:22,0
DA:23,0
DA:24,0
DA:25,0
DA:26,0
DA:27,0
DA:28,0
DA:29,0
DA:31,0
DA:33,0
DA:34,0
DA:35,0
DA:36,0
DA:37,0
DA:38,0
DA:39,0
DA:40,0
DA:41,0
DA:43,0
DA:45,0
DA:46,0
DA:47,0
DA:48,0
DA:49,0
DA:50,0
DA:51,0
DA:52,0
DA:53,0
DA:54,0
DA:55,0
DA:56,0
DA:57,0
DA:58,0
DA:62,0
DA:67,0
DA:68,0
DA:69,0
DA:70,0
DA:71,0
DA:73,0
DA:74,0
DA:78,0
DA:86,0
DA:87,0
DA:88,0
DA:89,0
DA:92,0
LF:60
LH:1
BRDA:22,1,0,0
BRDA:22,1,1,0
BRDA:53,2,0,0
BRDA:53,2,1,0
BRDA:88,3,0,0
BRDA:88,3,1,0
BRDA:88,4,0,0
BRDA:88,4,1,0
BRF:8
BRH:0
end_of_record
TN:
SF:/Users/Mike/projects/clio/lib-themisui/src/lib/thContentHeader/index.coffee
FNF:0
FNH:0
DA:1,1
LF:1
LH:1
BRF:0
BRH:0
end_of_record
TN:
SF:/Users/Mike/projects/clio/lib-themisui/src/lib/thContentHeader/thContentHeader.directive.coffee
FN:1,(anonymous_1)
FNF:1
FNH:1
FNDA:2,(anonymous_1)
DA:1,1
DA:2,2
LF:2
LH:2
BRF:0
BRH:0
end_of_record
TN:
SF:/Users/Mike/projects/clio/lib-themisui/src/lib/thContextualMessage/index.coffee
FNF:0
FNH:0
DA:1,1
DA:3,1
LF:2
LH:2
BRF:0
BRH:0
end_of_record
TN:
SF:/Users/Mike/projects/clio/lib-themisui/src/lib/thContextualMessage/thContextualMessage.service.coffee
FN:1,(anonymous_1)
FN:4,(anonymous_2)
FN:9,(anonymous_3)
FN:19,(anonymous_4)
FN:23,(anonymous_5)
FN:25,(anonymous_6)
FNF:6
FNH:0
FNDA:0,(anonymous_1)
FNDA:0,(anonymous_2)
FNDA:0,(anonymous_3)
FNDA:0,(anonymous_4)
FNDA:0,(anonymous_5)
FNDA:0,(anonymous_6)
DA:1,1
DA:2,0
DA:3,0
DA:4,0
DA:5,0
DA:6,0
DA:9,0
DA:10,0
DA:11,0
DA:13,0
DA:14,0
DA:19,0
DA:20,0
DA:21,0
DA:23,0
DA:24,0
DA:25,0
DA:26,0
DA:29,0
LF:19
LH:1
BRDA:5,1,0,0
BRDA:5,1,1,0
BRDA:10,2,0,0
BRDA:10,2,1,0
BRF:4
BRH:0
end_of_record
TN:
SF:/Users/Mike/projects/clio/lib-themisui/src/lib/thContextualMessage/thContextualMessage.directive.coffee
FN:1,(anonymous_1)
FN:5,(anonymous_2)
FN:9,(anonymous_3)
FNF:3
FNH:0
FNDA:0,(anonymous_1)
FNDA:0,(anonymous_2)
FNDA:0,(anonymous_3)
DA:1,1
DA:2,0
DA:6,0
DA:7,0
DA:8,0
DA:9,0
DA:10,0
DA:11,0
DA:12,0
DA:13,0
DA:14,0
DA:16,0
DA:17,0
DA:18,0
DA:19,0
DA:20,0
DA:21,0
DA:22,0
DA:23,0
DA:24,0
DA:28,0
LF:21
LH:1
BRDA:16,1,0,0
BRDA:16,1,1,0
BRF:2
BRH:0
end_of_record
TN:
SF:/Users/Mike/projects/clio/lib-themisui/src/lib/thDatePicker/index.coffee
FNF:0
FNH:0
DA:1,1
LF:1
LH:1
BRF:0
BRH:0
end_of_record
TN:
SF:/Users/Mike/projects/clio/lib-themisui/src/lib/thDatePicker/thDatePicker.directive.coffee
FN:2,(anonymous_1)
FN:8,(anonymous_2)
FN:20,(anonymous_3)
FN:26,(anonymous_4)
FN:27,(anonymous_5)
FN:30,(anonymous_6)
FN:36,(anonymous_7)
FN:37,(anonymous_8)
FN:44,(anonymous_9)
FN:45,(anonymous_10)
FN:57,(anonymous_11)
FN:58,(anonymous_12)
FN:64,(anonymous_13)
FN:65,(anonymous_14)
FN:69,(anonymous_15)
FN:78,(anonymous_16)
FN:79,(anonymous_17)
FN:99,(anonymous_18)
FN:100,(anonymous_19)
FN:106,(anonymous_20)
FN:107,(anonymous_21)
FN:108,(anonymous_22)
FN:114,(anonymous_23)
FN:115,(anonymous_24)
FN:116,(anonymous_25)
FNF:25
FNH:16
FNDA:0,(anonymous_1)
FNDA:9,(anonymous_2)
FNDA:11,(anonymous_3)
FNDA:11,(anonymous_4)
FNDA:0,(anonymous_5)
FNDA:0,(anonymous_6)
FNDA:11,(anonymous_7)
FNDA:0,(anonymous_8)
FNDA:11,(anonymous_9)
FNDA:11,(anonymous_10)
FNDA:11,(anonymous_11)
FNDA:14,(anonymous_12)
FNDA:11,(anonymous_13)
FNDA:11,(anonymous_14)
FNDA:14,(anonymous_15)
FNDA:11,(anonymous_16)
FNDA:17,(anonymous_17)
FNDA:11,(anonymous_18)
FNDA:0,(anonymous_19)
FNDA:11,(anonymous_20)
FNDA:0,(anonymous_21)
FNDA:0,(anonymous_22)
FNDA:11,(anonymous_23)
FNDA:0,(anonymous_24)
FNDA:0,(anonymous_25)
DA:1,1
DA:2,0
DA:4,1
DA:6,1
DA:8,1
DA:9,9
DA:21,11
DA:22,11
DA:23,11
DA:24,11
DA:25,11
DA:26,11
DA:27,11
DA:28,0
DA:31,0
DA:36,11
DA:37,11
DA:38,0
DA:41,11
DA:42,10
DA:44,11
DA:45,11
DA:46,11
DA:47,11
DA:48,11
DA:49,11
DA:50,0
DA:52,11
DA:56,11
DA:57,11
DA:58,11
DA:59,14
DA:60,14
DA:63,11
DA:64,11
DA:65,11
DA:66,11
DA:67,0
DA:69,11
DA:70,14
DA:71,3
DA:72,3
DA:73,3
DA:78,11
DA:79,11
DA:80,17
DA:81,17
DA:82,6
DA:83,0
DA:84,6
DA:85,3
DA:86,3
DA:87,3
DA:90,6
DA:91,6
DA:94,17
DA:97,11
DA:98,11
DA:99,11
DA:100,11
DA:101,0
DA:102,0
DA:106,11
DA:107,11
DA:108,0
DA:109,0
DA:110,0
DA:114,11
DA:115,11
DA:116,0
DA:117,0
DA:118,0
LF:72
LH:57
BRDA:2,1,0,1
BRDA:2,1,1,0
BRDA:2,2,0,0
BRDA:2,2,1,0
BRDA:2,3,0,0
BRDA:2,3,1,0
BRDA:41,4,0,10
BRDA:41,4,1,1
BRDA:41,5,0,1
BRDA:41,5,1,10
BRDA:41,6,0,1
BRDA:41,6,1,0
BRDA:49,7,0,0
BRDA:49,7,1,11
BRDA:60,8,0,14
BRDA:60,8,1,10
BRDA:60,9,0,4
BRDA:60,9,1,10
BRDA:66,10,0,0
BRDA:66,10,1,11
BRDA:70,11,0,3
BRDA:70,11,1,11
BRDA:73,12,0,3
BRDA:73,12,1,0
BRDA:81,13,0,6
BRDA:81,13,1,11
BRDA:82,14,0,0
BRDA:82,14,1,6
BRDA:84,15,0,3
BRDA:84,15,1,3
BRDA:86,16,0,3
BRDA:86,16,1,0
BRDA:90,17,0,6
BRDA:90,17,1,0
BRDA:101,18,0,0
BRDA:101,18,1,0
BRF:36
BRH:22
end_of_record
TN:
SF:/Users/Mike/projects/clio/lib-themisui/src/lib/thDefaults/index.coffee
FNF:0
FNH:0
DA:1,1
LF:1
LH:1
BRF:0
BRH:0
end_of_record
TN:
SF:/Users/Mike/projects/clio/lib-themisui/src/lib/thDefaults/thDefaults.service.coffee
FN:1,(anonymous_1)
FN:6,(anonymous_2)
FN:9,(anonymous_3)
FN:10,(anonymous_4)
FN:16,(anonymous_5)
FN:25,(anonymous_6)
FN:28,(anonymous_7)
FNF:7
FNH:7
FNDA:14,(anonymous_1)
FNDA:4,(anonymous_2)
FNDA:1,(anonymous_3)
FNDA:2,(anonymous_4)
FNDA:3,(anonymous_5)
FNDA:2,(anonymous_6)
FNDA:16,(anonymous_7)
DA:1,1
DA:2,14
DA:3,14
DA:6,14
DA:7,4
DA:9,14
DA:10,1
DA:11,2
DA:12,2
DA:13,2
DA:16,14
DA:17,3
DA:18,2
DA:19,1
DA:20,1
DA:22,0
DA:25,14
DA:26,2
DA:28,14
DA:29,16
DA:31,14
LF:21
LH:20
BRDA:17,1,0,2
BRDA:17,1,1,1
BRDA:17,2,0,3
BRDA:17,2,1,3
BRDA:17,2,2,2
BRDA:19,3,0,1
BRDA:19,3,1,0
BRDA:19,4,0,1
BRDA:19,4,1,1
BRF:9
BRH:8
end_of_record
TN:
SF:/Users/Mike/projects/clio/lib-themisui/src/lib/thDisclosure/index.coffee
FNF:0
FNH:0
DA:1,1
DA:3,1
DA:5,1
LF:3
LH:3
BRF:0
BRH:0
end_of_record
TN:
SF:/Users/Mike/projects/clio/lib-themisui/src/lib/thDisclosure/thDisclosureManager.service.coffee
FN:1,(anonymous_1)
FN:6,(anonymous_2)
FN:15,(anonymous_3)
FN:24,(anonymous_4)
FN:38,(anonymous_5)
FN:42,(anonymous_6)
FNF:6
FNH:6
FNDA:23,(anonymous_1)
FNDA:14,(anonymous_2)
FNDA:18,(anonymous_3)
FNDA:62,(anonymous_4)
FNDA:21,(anonymous_5)
FNDA:12,(anonymous_6)
DA:1,1
DA:2,23
DA:3,23
DA:4,23
DA:5,23
DA:6,23
DA:7,14
DA:8,14
DA:9,13
DA:11,14
DA:12,12
DA:15,23
DA:16,18
DA:17,18
DA:18,18
DA:20,18
DA:21,4
DA:24,23
DA:25,62
DA:26,29
DA:28,62
DA:29,32
DA:30,14
DA:32,18
DA:36,23
DA:39,21
DA:40,21
DA:43,12
DA:44,12
LF:29
LH:29
BRDA:8,1,0,13
BRDA:8,1,1,1
BRDA:11,2,0,12
BRDA:11,2,1,2
BRDA:17,3,0,18
BRDA:17,3,1,0
BRDA:20,4,0,4
BRDA:20,4,1,14
BRDA:25,5,0,29
BRDA:25,5,1,33
BRDA:28,6,0,32
BRDA:28,6,1,30
BRDA:29,7,0,14
BRDA:29,7,1,18
BRF:14
BRH:13
end_of_record
TN:
SF:/Users/Mike/projects/clio/lib-themisui/src/lib/thDisclosure/thDisclosureToggle.directive.coffee
FN:1,(anonymous_1)
FN:17,(anonymous_2)
FN:20,(anonymous_3)
FN:21,(anonymous_4)
FN:27,(anonymous_5)
FN:30,(anonymous_6)
FN:34,(anonymous_7)
FN:35,(anonymous_8)
FN:39,(anonymous_9)
FN:40,(anonymous_10)
FN:46,(anonymous_11)
FN:47,(anonymous_12)
FN:50,(anonymous_13)
FN:51,(anonymous_14)
FNF:14
FNH:14
FNDA:17,(anonymous_1)
FNDA:19,(anonymous_2)
FNDA:19,(anonymous_3)
FNDA:5,(anonymous_4)
FNDA:1,(anonymous_5)
FNDA:1,(anonymous_6)
FNDA:19,(anonymous_7)
FNDA:11,(anonymous_8)
FNDA:19,(anonymous_9)
FNDA:17,(anonymous_10)
FNDA:9,(anonymous_11)
FNDA:37,(anonymous_12)
FNDA:9,(anonymous_13)
FNDA:11,(anonymous_14)
DA:1,1
DA:2,17
DA:18,19
DA:19,19
DA:20,19
DA:21,19
DA:22,5
DA:23,5
DA:27,19
DA:28,1
DA:30,19
DA:31,1
DA:33,19
DA:35,19
DA:36,11
DA:40,19
DA:41,17
DA:45,19
DA:46,9
DA:47,9
DA:48,37
DA:51,9
DA:52,11
DA:56,10
LF:24
LH:24
BRDA:18,1,0,19
BRDA:18,1,1,19
BRDA:22,2,0,5
BRDA:22,2,1,0
BRDA:45,3,0,9
BRDA:45,3,1,10
BRF:6
BRH:5
end_of_record
TN:
SF:/Users/Mike/projects/clio/lib-themisui/src/lib/thDisclosure/thDisclosureContent.directive.coffee
FN:5,(anonymous_1)
FN:19,(anonymous_2)
FN:27,(anonymous_3)
FN:35,(anonymous_4)
FN:45,(anonymous_5)
FN:49,(anonymous_6)
FN:50,(anonymous_7)
FN:59,(anonymous_8)
FN:65,(anonymous_9)
FN:74,(anonymous_10)
FN:75,(anonymous_11)
FN:80,(anonymous_12)
FN:81,(anonymous_13)
FNF:13
FNH:11
FNDA:13,(anonymous_1)
FNDA:8,(anonymous_2)
FNDA:0,(anonymous_3)
FNDA:10,(anonymous_4)
FNDA:10,(anonymous_5)
FNDA:10,(anonymous_6)
FNDA:13,(anonymous_7)
FNDA:8,(anonymous_8)
FNDA:0,(anonymous_9)
FNDA:10,(anonymous_10)
FNDA:10,(anonymous_11)
FNDA:10,(anonymous_12)
FNDA:3,(anonymous_13)
DA:1,1
DA:3,1
DA:5,1
DA:6,13
DA:7,13
DA:8,13
DA:14,13
DA:15,13
DA:16,13
DA:19,1
DA:20,8
DA:24,8
DA:27,1
DA:28,0
DA:32,0
DA:35,1
DA:36,10
DA:46,10
DA:47,10
DA:48,10
DA:49,10
DA:50,10
DA:51,13
DA:52,13
DA:53,13
DA:54,10
DA:57,10
DA:60,8
DA:63,3
DA:66,0
DA:69,13
DA:72,10
DA:73,10
DA:75,10
DA:76,10
DA:77,10
DA:81,10
DA:82,3
DA:83,3
LF:39
LH:36
BRDA:15,1,0,5
BRDA:15,1,1,8
BRDA:53,2,0,10
BRDA:53,2,1,3
BRF:4
BRH:4
end_of_record
TN:
SF:/Users/Mike/projects/clio/lib-themisui/src/lib/thDropdown/index.coffee
FNF:0
FNH:0
DA:1,1
DA:3,1
DA:5,1
LF:3
LH:3
BRF:0
BRH:0
end_of_record
TN:
SF:/Users/Mike/projects/clio/lib-themisui/src/lib/thDropdown/thDropdown.directive.coffee
FN:5,(anonymous_1)
FN:21,(anonymous_2)
FN:34,(anonymous_3)
FN:35,(anonymous_4)
FN:66,(anonymous_5)
FN:67,(anonymous_6)
FN:68,(anonymous_7)
FN:75,(anonymous_8)
FN:78,(anonymous_9)
FN:79,(anonymous_10)
FN:88,(anonymous_11)
FN:95,(anonymous_12)
FN:96,(anonymous_13)
FN:112,(anonymous_14)
FN:113,(anonymous_15)
FN:134,(anonymous_16)
FN:138,(anonymous_17)
FNF:17
FNH:13
FNDA:18,(anonymous_1)
FNDA:18,(anonymous_2)
FNDA:18,(anonymous_3)
FNDA:6,(anonymous_4)
FNDA:0,(anonymous_5)
FNDA:0,(anonymous_6)
FNDA:0,(anonymous_7)
FNDA:15,(anonymous_8)
FNDA:15,(anonymous_9)
FNDA:1,(anonymous_10)
FNDA:89,(anonymous_11)
FNDA:18,(anonymous_12)
FNDA:1,(anonymous_13)
FNDA:18,(anonymous_14)
FNDA:18,(anonymous_15)
FNDA:18,(anonymous_16)
FNDA:0,(anonymous_17)
DA:1,1
DA:3,1
DA:5,1
DA:6,18
DA:22,18
DA:23,18
DA:24,18
DA:25,18
DA:26,18
DA:27,18
DA:28,18
DA:29,18
DA:31,18
DA:32,0
DA:34,18
DA:35,18
DA:36,6
DA:37,6
DA:39,3
DA:40,0
DA:42,3
DA:44,3
DA:46,1
DA:47,0
DA:49,1
DA:51,1
DA:53,1
DA:54,1
DA:55,1
DA:57,1
DA:58,1
DA:60,0
DA:61,0
DA:66,18
DA:67,0
DA:68,0
DA:69,0
DA:70,0
DA:71,0
DA:75,18
DA:76,15
DA:77,15
DA:78,15
DA:79,15
DA:80,1
DA:81,0
DA:83,1
DA:88,18
DA:89,89
DA:90,31
DA:92,58
DA:95,18
DA:96,18
DA:97,1
DA:98,1
DA:99,1
DA:100,1
DA:101,1
DA:103,1
DA:104,1
DA:106,0
DA:108,1
DA:112,18
DA:113,18
DA:114,18
DA:115,18
DA:116,18
DA:117,18
DA:118,16
DA:119,16
DA:120,4
DA:121,4
DA:122,12
DA:123,11
DA:124,11
DA:126,1
DA:129,18
DA:132,18
DA:135,18
DA:136,0
DA:138,18
DA:139,0
DA:140,0
DA:141,0
DA:142,0
DA:144,0
DA:145,0
DA:146,0
DA:147,0
DA:148,0
DA:149,0
DA:150,0
DA:151,0
DA:152,0
DA:157,0
LF:95
LH:68
BRDA:24,1,0,12
BRDA:24,1,1,6
BRDA:28,2,0,18
BRDA:28,2,1,0
BRDA:31,3,0,0
BRDA:31,3,1,18
BRDA:36,4,0,6
BRDA:36,4,1,0
BRDA:37,5,0,3
BRDA:37,5,1,1
BRDA:37,5,2,1
BRDA:37,5,3,1
BRDA:37,5,4,0
BRDA:39,6,0,0
BRDA:39,6,1,3
BRDA:46,7,0,0
BRDA:46,7,1,1
BRDA:80,8,0,0
BRDA:80,8,1,1
BRDA:89,9,0,31
BRDA:89,9,1,58
BRDA:98,10,0,1
BRDA:98,10,1,0
BRDA:100,11,0,1
BRDA:100,11,1,0
BRDA:101,12,0,1
BRDA:101,12,1,0
BRDA:119,13,0,4
BRDA:119,13,1,12
BRDA:122,14,0,11
BRDA:122,14,1,1
BRDA:135,15,0,0
BRDA:135,15,1,18
BRDA:141,16,0,0
BRDA:141,16,1,0
BRDA:146,17,0,0
BRDA:146,17,1,0
BRDA:151,18,0,0
BRDA:151,18,1,0
BRF:39
BRH:22
end_of_record
TN:
SF:/Users/Mike/projects/clio/lib-themisui/src/lib/thDropdown/thItem.directive.coffee
FN:1,(anonymous_1)
FN:11,(anonymous_2)
FN:19,(anonymous_3)
FN:21,(anonymous_4)
FNF:4
FNH:4
FNDA:23,(anonymous_1)
FNDA:35,(anonymous_2)
FNDA:26,(anonymous_3)
FNDA:2,(anonymous_4)
DA:1,1
DA:2,23
DA:12,35
DA:14,17
DA:16,18
DA:20,26
DA:21,22
DA:22,2
LF:8
LH:8
BRDA:12,1,0,17
BRDA:12,1,1,18
BRDA:20,2,0,22
BRDA:20,2,1,4
BRDA:20,3,0,26
BRDA:20,3,1,9
BRDA:20,3,2,9
BRF:7
BRH:7
end_of_record
TN:
SF:/Users/Mike/projects/clio/lib-themisui/src/lib/thDropdown/thDivider.directive.coffee
FN:1,(anonymous_1)
FNF:1
FNH:1
FNDA:12,(anonymous_1)
DA:1,1
DA:2,12
LF:2
LH:2
BRF:0
BRH:0
end_of_record
TN:
SF:/Users/Mike/projects/clio/lib-themisui/src/lib/thError/index.coffee
FNF:0
FNH:0
DA:1,1
LF:1
LH:1
BRF:0
BRH:0
end_of_record
TN:
SF:/Users/Mike/projects/clio/lib-themisui/src/lib/thError/thError.directive.coffee
FN:1,(anonymous_1)
FN:11,(anonymous_2)
FN:12,(anonymous_3)
FN:13,(anonymous_4)
FNF:4
FNH:4
FNDA:3,(anonymous_1)
FNDA:3,(anonymous_2)
FNDA:3,(anonymous_3)
FNDA:3,(anonymous_4)
DA:1,1
DA:2,3
DA:13,3
DA:14,3
DA:15,2
LF:5
LH:5
BRDA:14,1,0,2
BRDA:14,1,1,1
BRF:2
BRH:2
end_of_record
TN:
SF:/Users/Mike/projects/clio/lib-themisui/src/lib/thFilter/index.coffee
FNF:0
FNH:0
DA:1,1
DA:3,1
DA:5,1
DA:7,1
DA:9,1
DA:11,1
DA:13,1
LF:7
LH:7
BRF:0
BRH:0
end_of_record
TN:
SF:/Users/Mike/projects/clio/lib-themisui/src/lib/thFilter/filters/index.coffee
FNF:0
FNH:0
DA:1,1
DA:3,1
DA:5,1
DA:7,1
DA:9,1
DA:11,1
DA:13,1
DA:15,1
LF:8
LH:8
BRF:0
BRH:0
end_of_record
TN:
SF:/Users/Mike/projects/clio/lib-themisui/src/lib/thFilter/filters/autocomplete/index.coffee
FNF:0
FNH:0
DA:1,1
DA:3,1
LF:2
LH:2
BRF:0
BRH:0
end_of_record
TN:
SF:/Users/Mike/projects/clio/lib-themisui/src/lib/thFilter/filters/autocomplete/autocompleteFilter.service.coffee
FN:1,(anonymous_1)
FN:1,(anonymous_2)
FN:2,(anonymous_3)
FN:2,ctor
FN:5,(anonymous_5)
FN:7,(anonymous_6)
FN:10,AutocompleteFilter
FN:36,(anonymous_8)
FN:47,(anonymous_9)
FNF:9
FNH:9
FNDA:54,(anonymous_1)
FNDA:24,(anonymous_2)
FNDA:23,(anonymous_3)
FNDA:23,ctor
FNDA:23,(anonymous_5)
FNDA:23,(anonymous_6)
FNDA:27,AutocompleteFilter
FNDA:23,(anonymous_8)
FNDA:1,(anonymous_9)
DA:1,54
DA:2,23
DA:5,1
DA:6,23
DA:7,23
DA:8,23
DA:10,1
DA:11,27
DA:12,9
DA:14,27
DA:15,10
DA:17,27
DA:18,10
DA:20,27
DA:21,27
DA:22,27
DA:23,27
DA:24,27
DA:25,27
DA:26,27
DA:27,27
DA:28,1
DA:29,1
DA:30,1
DA:34,23
DA:36,23
DA:37,23
DA:38,6
DA:43,17
DA:47,23
DA:48,1
DA:51,23
LF:32
LH:32
BRDA:2,1,0,0
BRDA:2,1,1,0
BRDA:11,2,0,9
BRDA:11,2,1,18
BRDA:14,3,0,10
BRDA:14,3,1,17
BRDA:17,4,0,10
BRDA:17,4,1,17
BRDA:27,5,0,1
BRDA:27,5,1,26
BRDA:37,6,0,6
BRDA:37,6,1,17
BRF:12
BRH:10
end_of_record
TN:
SF:/Users/Mike/projects/clio/lib-themisui/src/lib/thFilter/filters/autocomplete/thFilter.autocomplete.directive.coffee
FN:1,(anonymous_1)
FN:13,(anonymous_2)
FN:29,(anonymous_3)
FN:30,(anonymous_4)
FN:36,(anonymous_5)
FN:47,(anonymous_6)
FN:48,(anonymous_7)
FN:55,(anonymous_8)
FN:56,(anonymous_9)
FN:61,(anonymous_10)
FN:63,(anonymous_11)
FNF:11
FNH:11
FNDA:15,(anonymous_1)
FNDA:18,(anonymous_2)
FNDA:16,(anonymous_3)
FNDA:5,(anonymous_4)
FNDA:2,(anonymous_5)
FNDA:16,(anonymous_6)
FNDA:16,(anonymous_7)
FNDA:16,(anonymous_8)
FNDA:1,(anonymous_9)
FNDA:18,(anonymous_10)
FNDA:16,(anonymous_11)
DA:1,1
DA:2,15
DA:14,18
DA:15,18
DA:16,0
DA:18,16
DA:19,16
DA:21,0
DA:23,16
DA:24,16
DA:25,16
DA:26,16
DA:30,16
DA:31,5
DA:32,5
DA:33,5
DA:34,2
DA:35,2
DA:36,2
DA:37,2
DA:38,2
DA:39,2
DA:42,3
DA:47,16
DA:48,16
DA:49,16
DA:50,16
DA:51,1
DA:55,16
DA:56,16
DA:57,1
DA:62,18
DA:64,16
DA:65,16
LF:34
LH:32
BRDA:15,1,0,0
BRDA:15,1,1,16
BRDA:15,2,0,16
BRDA:15,2,1,0
BRDA:23,3,0,16
BRDA:23,3,1,2
BRDA:23,4,0,16
BRDA:23,4,1,0
BRDA:24,5,0,16
BRDA:24,5,1,14
BRDA:24,6,0,16
BRDA:24,6,1,0
BRDA:25,7,0,16
BRDA:25,7,1,14
BRDA:25,8,0,16
BRDA:25,8,1,0
BRDA:33,9,0,2
BRDA:33,9,1,3
BRDA:33,10,0,5
BRDA:33,10,1,0
BRDA:34,11,0,2
BRDA:34,11,1,1
BRDA:50,12,0,1
BRDA:50,12,1,15
BRF:24
BRH:18
end_of_record
TN:
SF:/Users/Mike/projects/clio/lib-themisui/src/lib/thFilter/filters/date/index.coffee
FNF:0
FNH:0
DA:1,1
DA:3,1
LF:2
LH:2
BRF:0
BRH:0
end_of_record
TN:
SF:/Users/Mike/projects/clio/lib-themisui/src/lib/thFilter/filters/date/dateFilter.service.coffee
FN:2,(anonymous_1)
FN:2,(anonymous_2)
FN:3,(anonymous_3)
FN:3,ctor
FN:8,(anonymous_5)
FN:10,(anonymous_6)
FN:13,DateFilter
FN:35,(anonymous_8)
FN:46,(anonymous_9)
FN:61,(anonymous_10)
FNF:10
FNH:10
FNDA:54,(anonymous_1)
FNDA:45,(anonymous_2)
FNDA:22,(anonymous_3)
FNDA:22,ctor
FNDA:22,(anonymous_5)
FNDA:22,(anonymous_6)
FNDA:27,DateFilter
FNDA:7,(anonymous_8)
FNDA:16,(anonymous_9)
FNDA:29,(anonymous_10)
DA:1,1
DA:2,54
DA:3,22
DA:6,1
DA:8,1
DA:9,22
DA:10,22
DA:11,22
DA:13,1
DA:14,27
DA:15,27
DA:16,6
DA:18,27
DA:19,27
DA:20,27
DA:21,27
DA:22,27
DA:23,27
DA:24,27
DA:25,27
DA:26,18
DA:27,1
DA:29,17
DA:30,1
DA:33,25
DA:34,12
DA:35,12
DA:36,7
DA:38,12
DA:39,1
DA:44,22
DA:46,22
DA:47,16
DA:48,16
DA:49,7
DA:52,7
DA:53,6
DA:55,7
DA:57,9
DA:61,22
DA:62,29
DA:63,29
DA:64,29
DA:67,22
LF:44
LH:44
BRDA:3,1,0,0
BRDA:3,1,1,0
BRDA:15,2,0,6
BRDA:15,2,1,21
BRDA:18,3,0,18
BRDA:18,3,1,9
BRDA:19,4,0,3
BRDA:19,4,1,24
BRDA:25,5,0,18
BRDA:25,5,1,9
BRDA:26,6,0,1
BRDA:26,6,1,17
BRDA:26,7,0,18
BRDA:26,7,1,17
BRDA:29,8,0,1
BRDA:29,8,1,16
BRDA:29,9,0,17
BRDA:29,9,1,17
BRDA:33,10,0,12
BRDA:33,10,1,13
BRDA:35,11,0,4
BRDA:35,11,1,8
BRDA:38,12,0,1
BRDA:38,12,1,11
BRDA:38,13,0,12
BRDA:38,13,1,4
BRDA:38,13,2,3
BRDA:48,14,0,7
BRDA:48,14,1,9
BRDA:48,15,0,7
BRDA:48,15,1,9
BRDA:52,16,0,6
BRDA:52,16,1,1
BRDA:52,17,0,6
BRDA:52,17,1,1
BRDA:64,18,0,20
BRDA:64,18,1,9
BRF:37
BRH:35
end_of_record
TN:
SF:/Users/Mike/projects/clio/lib-themisui/src/lib/thFilter/filters/date/thFilter.date.directive.coffee
FN:1,(anonymous_1)
FN:15,(anonymous_2)
FN:18,(anonymous_3)
FN:19,(anonymous_4)
FN:23,(anonymous_5)
FN:24,(anonymous_6)
FN:30,(anonymous_7)
FN:31,(anonymous_8)
FN:38,(anonymous_9)
FN:39,(anonymous_10)
FN:44,(anonymous_11)
FN:46,(anonymous_12)
FNF:12
FNH:12
FNDA:11,(anonymous_1)
FNDA:11,(anonymous_2)
FNDA:11,(anonymous_3)
FNDA:9,(anonymous_4)
FNDA:11,(anonymous_5)
FNDA:2,(anonymous_6)
FNDA:11,(anonymous_7)
FNDA:11,(anonymous_8)
FNDA:11,(anonymous_9)
FNDA:1,(anonymous_10)
FNDA:11,(anonymous_11)
FNDA:11,(anonymous_12)
DA:1,1
DA:2,11
DA:16,11
DA:17,11
DA:18,11
DA:19,11
DA:20,9
DA:23,11
DA:24,11
DA:25,2
DA:26,1
DA:30,11
DA:31,11
DA:32,11
DA:33,11
DA:34,4
DA:38,11
DA:39,11
DA:40,1
DA:45,11
DA:47,11
DA:48,11
LF:22
LH:22
BRDA:17,1,0,11
BRDA:17,1,1,0
BRDA:25,2,0,1
BRDA:25,2,1,1
BRDA:33,3,0,4
BRDA:33,3,1,7
BRF:6
BRH:5
end_of_record
TN:
SF:/Users/Mike/projects/clio/lib-themisui/src/lib/thFilter/filters/input/index.coffee
FNF:0
FNH:0
DA:1,1
DA:3,1
LF:2
LH:2
BRF:0
BRH:0
end_of_record
TN:
SF:/Users/Mike/projects/clio/lib-themisui/src/lib/thFilter/filters/input/inputFilter.service.coffee
FN:1,(anonymous_1)
FN:1,(anonymous_2)
FN:2,(anonymous_3)
FN:2,ctor
FN:5,(anonymous_5)
FN:7,(anonymous_6)
FN:10,InputFilter
FN:23,(anonymous_8)
FN:34,(anonymous_9)
FNF:9
FNH:9
FNDA:32,(anonymous_1)
FNDA:17,(anonymous_2)
FNDA:21,(anonymous_3)
FNDA:21,ctor
FNDA:21,(anonymous_5)
FNDA:21,(anonymous_6)
FNDA:16,InputFilter
FNDA:16,(anonymous_8)
FNDA:1,(anonymous_9)
DA:1,32
DA:2,21
DA:5,1
DA:6,21
DA:7,21
DA:8,21
DA:10,1
DA:11,16
DA:12,3
DA:14,16
DA:15,16
DA:16,16
DA:17,16
DA:18,16
DA:21,21
DA:23,21
DA:24,16
DA:25,16
DA:26,10
DA:30,6
DA:34,21
DA:35,1
DA:38,21
LF:23
LH:23
BRDA:2,1,0,0
BRDA:2,1,1,0
BRDA:11,2,0,3
BRDA:11,2,1,13
BRDA:18,3,0,8
BRDA:18,3,1,8
BRDA:25,4,0,10
BRDA:25,4,1,6
BRDA:25,5,0,11
BRDA:25,5,1,5
BRF:10
BRH:8
end_of_record
TN:
SF:/Users/Mike/projects/clio/lib-themisui/src/lib/thFilter/filters/input/thFilter.input.directive.coffee
FN:1,(anonymous_1)
FN:14,(anonymous_2)
FN:17,(anonymous_3)
FN:22,(anonymous_4)
FN:23,(anonymous_5)
FN:30,(anonymous_6)
FN:31,(anonymous_7)
FN:36,(anonymous_8)
FN:38,(anonymous_9)
FNF:9
FNH:9
FNDA:11,(anonymous_1)
FNDA:10,(anonymous_2)
FNDA:1,(anonymous_3)
FNDA:10,(anonymous_4)
FNDA:10,(anonymous_5)
FNDA:10,(anonymous_6)
FNDA:1,(anonymous_7)
FNDA:10,(anonymous_8)
FNDA:10,(anonymous_9)
DA:1,1
DA:2,11
DA:15,10
DA:16,10
DA:17,10
DA:18,1
DA:19,1
DA:22,10
DA:23,10
DA:24,10
DA:25,10
DA:26,6
DA:30,10
DA:31,10
DA:32,1
DA:37,10
DA:39,10
DA:40,10
LF:18
LH:18
BRDA:18,1,0,1
BRDA:18,1,1,0
BRDA:25,2,0,6
BRDA:25,2,1,4
BRF:4
BRH:3
end_of_record
TN:
SF:/Users/Mike/projects/clio/lib-themisui/src/lib/thFilter/filters/number/index.coffee
FNF:0
FNH:0
DA:1,1
DA:3,1
LF:2
LH:2
BRF:0
BRH:0
end_of_record
TN:
SF:/Users/Mike/projects/clio/lib-themisui/src/lib/thFilter/filters/number/numberFilter.service.coffee
FN:1,(anonymous_1)
FN:1,(anonymous_2)
FN:2,(anonymous_3)
FN:2,ctor
FN:5,(anonymous_5)
FN:7,(anonymous_6)
FN:10,NumberFilter
FN:35,(anonymous_8)
FN:43,(anonymous_9)
FN:54,(anonymous_10)
FNF:10
FNH:10
FNDA:44,(anonymous_1)
FNDA:36,(anonymous_2)
FNDA:22,(anonymous_3)
FNDA:22,ctor
FNDA:22,(anonymous_5)
FNDA:22,(anonymous_6)
FNDA:22,NumberFilter
FNDA:5,(anonymous_8)
FNDA:14,(anonymous_9)
FNDA:22,(anonymous_10)
DA:1,44
DA:2,22
DA:5,1
DA:6,22
DA:7,22
DA:8,22
DA:10,1
DA:11,22
DA:12,0
DA:14,22
DA:15,1
DA:17,22
DA:18,19
DA:20,22
DA:21,22
DA:22,22
DA:23,22
DA:24,22
DA:25,1
DA:27,21
DA:28,21
DA:29,1
DA:31,20
DA:32,20
DA:33,20
DA:34,2
DA:35,2
DA:36,5
DA:41,22
DA:43,22
DA:44,14
DA:45,7
DA:50,7
DA:54,22
DA:55,22
DA:56,22
DA:59,22
LF:37
LH:36
BRDA:2,1,0,0
BRDA:2,1,1,0
BRDA:11,2,0,0
BRDA:11,2,1,22
BRDA:14,3,0,1
BRDA:14,3,1,21
BRDA:17,4,0,19
BRDA:17,4,1,3
BRDA:24,5,0,1
BRDA:24,5,1,21
BRDA:24,6,0,22
BRDA:24,6,1,22
BRDA:28,7,0,1
BRDA:28,7,1,20
BRDA:33,8,0,2
BRDA:33,8,1,18
BRDA:44,9,0,7
BRDA:44,9,1,7
BRF:18
BRH:15
end_of_record
TN:
SF:/Users/Mike/projects/clio/lib-themisui/src/lib/thFilter/filters/number/thFilter.number.directive.coffee
FN:1,(anonymous_1)
FN:15,(anonymous_2)
FN:18,(anonymous_3)
FN:23,(anonymous_4)
FN:28,(anonymous_5)
FN:29,(anonymous_6)
FN:36,(anonymous_7)
FN:37,(anonymous_8)
FN:42,(anonymous_9)
FN:44,(anonymous_10)
FNF:10
FNH:10
FNDA:9,(anonymous_1)
FNDA:9,(anonymous_2)
FNDA:1,(anonymous_3)
FNDA:2,(anonymous_4)
FNDA:9,(anonymous_5)
FNDA:9,(anonymous_6)
FNDA:9,(anonymous_7)
FNDA:1,(anonymous_8)
FNDA:9,(anonymous_9)
FNDA:9,(anonymous_10)
DA:1,1
DA:2,9
DA:16,9
DA:17,9
DA:18,9
DA:19,1
DA:20,1
DA:23,9
DA:24,2
DA:25,1
DA:28,9
DA:29,9
DA:30,9
DA:31,9
DA:32,4
DA:36,9
DA:37,9
DA:38,1
DA:43,9
DA:45,9
DA:46,9
LF:21
LH:21
BRDA:19,1,0,1
BRDA:19,1,1,0
BRDA:24,2,0,1
BRDA:24,2,1,1
BRDA:31,3,0,4
BRDA:31,3,1,5
BRF:6
BRH:5
end_of_record
TN:
SF:/Users/Mike/projects/clio/lib-themisui/src/lib/thFilter/filters/select/index.coffee
FNF:0
FNH:0
DA:1,1
DA:3,1
LF:2
LH:2
BRF:0
BRH:0
end_of_record
TN:
SF:/Users/Mike/projects/clio/lib-themisui/src/lib/thFilter/filters/select/selectFilter.service.coffee
FN:1,(anonymous_1)
FN:1,(anonymous_2)
FN:2,(anonymous_3)
FN:2,ctor
FN:5,(anonymous_5)
FN:7,(anonymous_6)
FN:10,SelectFilter
FN:30,(anonymous_8)
FN:31,(anonymous_9)
FN:33,(anonymous_10)
FN:53,(anonymous_11)
FN:54,(anonymous_12)
FN:59,(anonymous_13)
FN:69,(anonymous_14)
FNF:14
FNH:14
FNDA:96,(anonymous_1)
FNDA:30,(anonymous_2)
FNDA:37,(anonymous_3)
FNDA:37,ctor
FNDA:37,(anonymous_5)
FNDA:37,(anonymous_6)
FNDA:32,SelectFilter
FNDA:4,(anonymous_8)
FNDA:4,(anonymous_9)
FNDA:4,(anonymous_10)
FNDA:10,(anonymous_11)
FNDA:20,(anonymous_12)
FNDA:18,(anonymous_13)
FNDA:2,(anonymous_14)
DA:1,96
DA:2,37
DA:5,1
DA:6,37
DA:7,37
DA:8,37
DA:10,1
DA:11,32
DA:12,2
DA:14,32
DA:15,32
DA:16,32
DA:17,32
DA:18,32
DA:19,32
DA:20,32
DA:21,32
DA:22,32
DA:23,32
DA:24,4
DA:27,4
DA:31,4
DA:32,4
DA:33,4
DA:34,4
DA:39,4
DA:40,1
DA:45,28
DA:46,8
DA:51,37
DA:53,37
DA:54,10
DA:55,20
DA:59,37
DA:60,18
DA:61,12
DA:65,6
DA:69,37
DA:70,2
DA:73,37
LF:40
LH:40
BRDA:2,1,0,0
BRDA:2,1,1,0
BRDA:11,2,0,2
BRDA:11,2,1,30
BRDA:19,3,0,32
BRDA:19,3,1,31
BRDA:19,3,2,19
BRDA:21,4,0,32
BRDA:21,4,1,31
BRDA:22,5,0,32
BRDA:22,5,1,31
BRDA:23,6,0,4
BRDA:23,6,1,28
BRDA:24,7,0,1
BRDA:24,7,1,3
BRDA:33,8,0,1
BRDA:33,8,1,3
BRDA:33,9,0,2
BRDA:33,9,1,1
BRDA:33,10,0,2
BRDA:33,10,1,0
BRDA:39,11,0,1
BRDA:39,11,1,3
BRDA:45,12,0,8
BRDA:45,12,1,20
BRDA:60,13,0,12
BRDA:60,13,1,6
BRF:27
BRH:24
end_of_record
TN:
SF:/Users/Mike/projects/clio/lib-themisui/src/lib/thFilter/filters/select/thFilter.select.directive.coffee
FN:1,(anonymous_1)
FN:14,(anonymous_2)
FN:15,(anonymous_3)
FN:16,(anonymous_4)
FN:17,(anonymous_5)
FN:22,(anonymous_6)
FN:23,(anonymous_7)
FN:30,(anonymous_8)
FN:31,(anonymous_9)
FN:36,(anonymous_10)
FN:38,(anonymous_11)
FNF:11
FNH:11
FNDA:9,(anonymous_1)
FNDA:9,(anonymous_2)
FNDA:2,(anonymous_3)
FNDA:2,(anonymous_4)
FNDA:2,(anonymous_5)
FNDA:9,(anonymous_6)
FNDA:9,(anonymous_7)
FNDA:9,(anonymous_8)
FNDA:1,(anonymous_9)
FNDA:9,(anonymous_10)
FNDA:9,(anonymous_11)
DA:1,1
DA:2,9
DA:15,9
DA:16,2
DA:17,2
DA:18,2
DA:22,9
DA:23,9
DA:24,9
DA:25,9
DA:26,6
DA:30,9
DA:31,9
DA:32,1
DA:37,9
DA:39,9
DA:40,9
LF:17
LH:17
BRDA:25,1,0,6
BRDA:25,1,1,3
BRF:2
BRH:2
end_of_record
TN:
SF:/Users/Mike/projects/clio/lib-themisui/src/lib/thFilter/filters/time/index.coffee
FNF:0
FNH:0
DA:1,1
DA:3,1
LF:2
LH:2
BRF:0
BRH:0
end_of_record
TN:
SF:/Users/Mike/projects/clio/lib-themisui/src/lib/thFilter/filters/time/timeFilter.service.coffee
FN:2,(anonymous_1)
FN:2,(anonymous_2)
FN:3,(anonymous_3)
FN:3,ctor
FN:8,(anonymous_5)
FN:10,(anonymous_6)
FN:13,TimeFilter
FN:39,(anonymous_8)
FN:48,(anonymous_9)
FN:65,(anonymous_10)
FN:76,(anonymous_11)
FNF:11
FNH:11
FNDA:132,(anonymous_1)
FNDA:88,(anonymous_2)
FNDA:24,(anonymous_3)
FNDA:24,ctor
FNDA:24,(anonymous_5)
FNDA:24,(anonymous_6)
FNDA:44,TimeFilter
FNDA:6,(anonymous_8)
FNDA:26,(anonymous_9)
FNDA:18,(anonymous_10)
FNDA:44,(anonymous_11)
DA:1,1
DA:2,132
DA:3,24
DA:6,1
DA:8,1
DA:9,24
DA:10,24
DA:11,24
DA:13,1
DA:14,44
DA:15,1
DA:17,44
DA:18,1
DA:20,44
DA:21,31
DA:23,44
DA:24,44
DA:25,44
DA:26,44
DA:27,44
DA:28,44
DA:29,1
DA:31,43
DA:32,43
DA:33,1
DA:35,42
DA:36,42
DA:37,42
DA:38,2
DA:39,2
DA:40,6
DA:42,2
DA:46,24
DA:48,24
DA:49,26
DA:50,26
DA:51,24
DA:52,24
DA:53,14
DA:54,14
DA:56,10
DA:57,10
DA:60,2
DA:61,2
DA:65,24
DA:66,18
DA:67,8
DA:72,10
DA:76,24
DA:77,44
DA:78,44
DA:81,24
LF:52
LH:52
BRDA:3,1,0,0
BRDA:3,1,1,0
BRDA:14,2,0,1
BRDA:14,2,1,43
BRDA:17,3,0,1
BRDA:17,3,1,43
BRDA:20,4,0,31
BRDA:20,4,1,13
BRDA:28,5,0,1
BRDA:28,5,1,43
BRDA:28,6,0,44
BRDA:28,6,1,44
BRDA:32,7,0,1
BRDA:32,7,1,42
BRDA:37,8,0,2
BRDA:37,8,1,40
BRDA:50,9,0,24
BRDA:50,9,1,2
BRDA:50,10,0,25
BRDA:50,10,1,1
BRDA:52,11,0,14
BRDA:52,11,1,10
BRDA:66,12,0,8
BRDA:66,12,1,10
BRF:24
BRH:22
end_of_record
TN:
SF:/Users/Mike/projects/clio/lib-themisui/src/lib/thFilter/filters/time/thFilter.time.directive.coffee
FN:1,(anonymous_1)
FN:13,(anonymous_2)
FN:29,(anonymous_3)
FN:30,(anonymous_4)
FN:34,(anonymous_5)
FN:35,(anonymous_6)
FN:39,(anonymous_7)
FN:47,(anonymous_8)
FN:52,(anonymous_9)
FN:57,(anonymous_10)
FN:58,(anonymous_11)
FN:65,(anonymous_12)
FN:66,(anonymous_13)
FN:72,(anonymous_14)
FN:74,(anonymous_15)
FNF:15
FNH:13
FNDA:10,(anonymous_1)
FNDA:10,(anonymous_2)
FNDA:1,(anonymous_3)
FNDA:0,(anonymous_4)
FNDA:1,(anonymous_5)
FNDA:0,(anonymous_6)
FNDA:1,(anonymous_7)
FNDA:1,(anonymous_8)
FNDA:2,(anonymous_9)
FNDA:10,(anonymous_10)
FNDA:10,(anonymous_11)
FNDA:10,(anonymous_12)
FNDA:1,(anonymous_13)
FNDA:10,(anonymous_14)
FNDA:10,(anonymous_15)
DA:1,1
DA:2,10
DA:14,10
DA:15,10
DA:16,10
DA:28,10
DA:29,10
DA:30,1
DA:31,0
DA:34,10
DA:35,1
DA:36,0
DA:39,10
DA:40,1
DA:41,0
DA:43,1
DA:45,1
DA:47,10
DA:48,1
DA:49,1
DA:52,10
DA:53,2
DA:54,1
DA:57,10
DA:58,10
DA:59,10
DA:60,10
DA:61,3
DA:65,10
DA:66,10
DA:67,1
DA:68,1
DA:73,10
DA:75,10
DA:76,10
LF:35
LH:32
BRDA:40,1,0,0
BRDA:40,1,1,1
BRDA:48,2,0,1
BRDA:48,2,1,0
BRDA:53,3,0,1
BRDA:53,3,1,1
BRDA:60,4,0,3
BRDA:60,4,1,7
BRF:8
BRH:6
end_of_record
TN:
SF:/Users/Mike/projects/clio/lib-themisui/src/lib/thFilter/filters/filterBase.service.coffee
FN:1,(anonymous_1)
FN:3,(anonymous_2)
FN:4,FilterBase
FN:11,(anonymous_4)
FN:15,(anonymous_5)
FNF:5
FNH:5
FNDA:140,(anonymous_1)
FNDA:140,(anonymous_2)
FNDA:171,FilterBase
FNDA:1,(anonymous_4)
FNDA:4,(anonymous_5)
DA:1,1
DA:2,140
DA:3,140
DA:4,1
DA:5,171
DA:6,1
DA:8,171
DA:11,140
DA:12,1
DA:15,140
DA:16,4
DA:19,140
LF:12
LH:12
BRDA:5,1,0,1
BRDA:5,1,1,170
BRF:2
BRH:2
end_of_record
TN:
SF:/Users/Mike/projects/clio/lib-themisui/src/lib/thFilter/filters/filterSet.service.coffee
FN:5,(anonymous_1)
FN:7,(anonymous_2)
FN:16,(anonymous_3)
FN:22,(anonymous_4)
FN:29,(anonymous_5)
FN:30,(anonymous_6)
FN:38,(anonymous_7)
FN:39,(anonymous_8)
FNF:8
FNH:8
FNDA:97,(anonymous_1)
FNDA:101,(anonymous_2)
FNDA:12,(anonymous_3)
FNDA:58,(anonymous_4)
FNDA:4,(anonymous_5)
FNDA:4,(anonymous_6)
FNDA:3,(anonymous_7)
FNDA:3,(anonymous_8)
DA:1,1
DA:3,1
DA:5,1
DA:6,97
DA:7,97
DA:8,101
DA:9,101
DA:10,1
DA:12,101
DA:13,101
DA:14,1
DA:16,100
DA:17,12
DA:19,100
DA:20,100
DA:21,100
DA:22,100
DA:23,58
DA:24,58
DA:25,58
DA:26,57
DA:29,100
DA:30,4
DA:31,4
DA:32,4
DA:33,3
DA:35,4
DA:38,100
DA:39,3
DA:40,3
DA:41,3
DA:42,1
DA:44,3
DA:47,100
LF:34
LH:34
BRDA:9,1,0,1
BRDA:9,1,1,100
BRDA:13,2,0,1
BRDA:13,2,1,100
BRDA:25,3,0,57
BRDA:25,3,1,1
BRDA:32,4,0,3
BRDA:32,4,1,1
BRDA:41,5,0,1
BRDA:41,5,1,2
BRF:10
BRH:10
end_of_record
TN:
SF:/Users/Mike/projects/clio/lib-themisui/src/lib/thFilter/thFilter.directive.coffee
FN:1,(anonymous_1)
FN:11,(anonymous_2)
FN:17,(anonymous_3)
FN:20,(anonymous_4)
FN:25,(anonymous_5)
FN:27,(anonymous_6)
FN:31,(anonymous_7)
FNF:7
FNH:5
FNDA:13,(anonymous_1)
FNDA:13,(anonymous_2)
FNDA:7,(anonymous_3)
FNDA:2,(anonymous_4)
FNDA:9,(anonymous_5)
FNDA:0,(anonymous_6)
FNDA:0,(anonymous_7)
DA:1,1
DA:2,13
DA:12,13
DA:13,13
DA:14,13
DA:15,3
DA:17,10
DA:18,7
DA:20,10
DA:21,2
DA:22,2
DA:26,9
DA:27,9
DA:28,0
DA:29,0
DA:30,0
DA:32,0
LF:17
LH:13
BRDA:14,1,0,3
BRDA:14,1,1,10
BRDA:30,2,0,0
BRDA:30,2,1,0
BRF:4
BRH:2
end_of_record
TN:
SF:/Users/Mike/projects/clio/lib-themisui/src/lib/thFilter/thCustomFilterRow.directive.coffee
FN:1,(anonymous_1)
FN:16,(anonymous_2)
FN:72,(anonymous_3)
FN:73,(anonymous_4)
FN:74,(anonymous_5)
FN:86,(anonymous_6)
FN:87,(anonymous_7)
FN:92,(anonymous_8)
FNF:8
FNH:7
FNDA:2,(anonymous_1)
FNDA:2,(anonymous_2)
FNDA:2,(anonymous_3)
FNDA:3,(anonymous_4)
FNDA:3,(anonymous_5)
FNDA:2,(anonymous_6)
FNDA:2,(anonymous_7)
FNDA:0,(anonymous_8)
DA:1,1
DA:2,2
DA:17,2
DA:18,2
DA:19,0
DA:21,2
DA:30,2
DA:48,2
DA:60,2
DA:72,2
DA:73,2
DA:74,3
DA:75,3
DA:76,3
DA:77,3
DA:78,2
DA:83,2
DA:87,2
DA:88,2
DA:89,2
DA:90,2
DA:91,0
DA:92,0
DA:93,0
DA:96,2
LF:25
LH:21
BRDA:18,1,0,0
BRDA:18,1,1,2
BRDA:77,2,0,2
BRDA:77,2,1,1
BRDA:90,3,0,0
BRDA:90,3,1,2
BRDA:90,4,0,2
BRDA:90,4,1,0
BRF:8
BRH:5
end_of_record
TN:
SF:/Users/Mike/projects/clio/lib-themisui/src/lib/thFilter/thCustomFilters.component.coffee
FN:3,(anonymous_1)
FN:6,CustomFilters
FN:14,(anonymous_3)
FN:31,(anonymous_4)
FN:37,(anonymous_5)
FN:38,(anonymous_6)
FN:39,(anonymous_7)
FN:41,(anonymous_8)
FN:55,(anonymous_9)
FN:60,(anonymous_10)
FN:68,(anonymous_11)
FN:70,(anonymous_12)
FN:79,(anonymous_13)
FN:86,(anonymous_14)
FN:102,(anonymous_15)
FNF:15
FNH:15
FNDA:1,(anonymous_1)
FNDA:21,CustomFilters
FNDA:21,(anonymous_3)
FNDA:10,(anonymous_4)
FNDA:18,(anonymous_5)
FNDA:18,(anonymous_6)
FNDA:18,(anonymous_7)
FNDA:8,(anonymous_8)
FNDA:1,(anonymous_9)
FNDA:2,(anonymous_10)
FNDA:4,(anonymous_11)
FNDA:6,(anonymous_12)
FNDA:17,(anonymous_13)
FNDA:12,(anonymous_14)
FNDA:14,(anonymous_15)
DA:1,1
DA:3,1
DA:6,1
DA:7,21
DA:8,21
DA:9,21
DA:10,21
DA:11,21
DA:14,1
DA:15,21
DA:16,21
DA:17,18
DA:18,18
DA:19,18
DA:20,18
DA:21,18
DA:22,18
DA:23,0
DA:25,18
DA:26,0
DA:28,18
DA:31,1
DA:32,10
DA:37,1
DA:38,18
DA:39,18
DA:40,18
DA:41,9
DA:42,8
DA:43,8
DA:44,4
DA:45,0
DA:47,4
DA:48,4
DA:50,4
DA:51,4
DA:53,8
DA:54,8
DA:56,1
DA:59,9
DA:60,9
DA:61,2
DA:68,1
DA:69,4
DA:70,4
DA:71,6
DA:73,4
DA:74,1
DA:76,3
DA:79,1
DA:80,17
DA:81,17
DA:82,4
DA:83,4
DA:84,4
DA:85,8
DA:86,8
DA:87,12
DA:89,8
DA:90,4
DA:92,4
DA:98,4
DA:102,1
DA:103,14
DA:104,14
DA:105,14
DA:106,14
DA:109,1
DA:113,1
LF:69
LH:66
BRDA:22,1,0,0
BRDA:22,1,1,18
BRDA:25,2,0,0
BRDA:25,2,1,18
BRDA:25,3,0,18
BRDA:25,3,1,9
BRDA:40,4,0,9
BRDA:40,4,1,9
BRDA:43,5,0,4
BRDA:43,5,1,4
BRDA:44,6,0,0
BRDA:44,6,1,4
BRDA:73,7,0,1
BRDA:73,7,1,3
BRDA:81,8,0,4
BRDA:81,8,1,13
BRDA:89,9,0,4
BRDA:89,9,1,4
BRF:18
BRH:15
end_of_record
TN:
SF:/Users/Mike/projects/clio/lib-themisui/src/lib/thFilter/thCustomFilters.template.html
FNF:0
FNH:0
DA:1,1
LF:1
LH:1
BRF:0
BRH:0
end_of_record
TN:
SF:/Users/Mike/projects/clio/lib-themisui/src/lib/thFilter/thSearchRow.directive.coffee
FN:1,(anonymous_1)
FN:12,(anonymous_2)
FN:18,(anonymous_3)
FN:20,(anonymous_4)
FN:28,(anonymous_5)
FN:29,(anonymous_6)
FNF:6
FNH:5
FNDA:2,(anonymous_1)
FNDA:2,(anonymous_2)
FNDA:2,(anonymous_3)
FNDA:2,(anonymous_4)
FNDA:2,(anonymous_5)
FNDA:0,(anonymous_6)
DA:1,1
DA:2,2
DA:13,2
DA:19,2
DA:21,2
DA:22,2
DA:23,2
DA:24,0
DA:26,2
DA:27,2
DA:28,2
DA:29,2
DA:30,0
LF:13
LH:11
BRDA:14,1,0,2
BRDA:14,1,1,2
BRDA:22,2,0,2
BRDA:22,2,1,0
BRDA:23,3,0,0
BRDA:23,3,1,2
BRDA:27,4,0,0
BRDA:27,4,1,2
BRDA:28,5,0,2
BRDA:28,5,1,0
BRF:10
BRH:6
end_of_record
TN:
SF:/Users/Mike/projects/clio/lib-themisui/src/lib/thFilter/thStaticFilters.directive.coffee
FN:1,(anonymous_1)
FN:11,(anonymous_2)
FN:12,(anonymous_3)
FN:14,(anonymous_4)
FN:25,(anonymous_5)
FN:33,(anonymous_6)
FN:34,(anonymous_7)
FNF:7
FNH:6
FNDA:4,(anonymous_1)
FNDA:4,(anonymous_2)
FNDA:4,(anonymous_3)
FNDA:4,(anonymous_4)
FNDA:2,(anonymous_5)
FNDA:3,(anonymous_6)
FNDA:0,(anonymous_7)
DA:1,1
DA:2,4
DA:13,4
DA:15,4
DA:16,4
DA:17,4
DA:18,0
DA:20,4
DA:21,4
DA:22,1
DA:24,3
DA:25,3
DA:26,2
DA:27,2
DA:28,2
DA:33,3
DA:34,3
DA:35,0
LF:18
LH:16
BRDA:16,1,0,4
BRDA:16,1,1,0
BRDA:17,2,0,0
BRDA:17,2,1,4
BRDA:21,3,0,1
BRDA:21,3,1,3
BRDA:27,4,0,0
BRDA:27,4,1,2
BRDA:33,5,0,3
BRDA:33,5,1,0
BRF:10
BRH:6
end_of_record
TN:
SF:/Users/Mike/projects/clio/lib-themisui/src/lib/thFilter/thCustomFilterConverter.service.coffee
FN:1,(anonymous_1)
FN:3,(anonymous_2)
FN:4,CustomFilterConverter
FN:6,(anonymous_4)
FNF:4
FNH:4
FNDA:22,(anonymous_1)
FNDA:22,(anonymous_2)
FNDA:5,CustomFilterConverter
FNDA:1,(anonymous_4)
DA:1,1
DA:2,22
DA:3,22
DA:4,1
DA:6,22
DA:7,1
DA:10,22
LF:7
LH:7
BRF:0
BRH:0
end_of_record
TN:
SF:/Users/Mike/projects/clio/lib-themisui/src/lib/thInput/index.coffee
FNF:0
FNH:0
DA:1,1
LF:1
LH:1
BRF:0
BRH:0
end_of_record
TN:
SF:/Users/Mike/projects/clio/lib-themisui/src/lib/thInput/thInput.directive.coffee
FN:1,(anonymous_1)
FN:31,(anonymous_2)
FN:32,(anonymous_3)
FN:36,(anonymous_4)
FN:41,(anonymous_5)
FN:48,(anonymous_6)
FN:51,(anonymous_7)
FNF:7
FNH:7
FNDA:105,(anonymous_1)
FNDA:132,(anonymous_2)
FNDA:14,(anonymous_3)
FNDA:132,(anonymous_4)
FNDA:663,(anonymous_5)
FNDA:44,(anonymous_6)
FNDA:42,(anonymous_7)
DA:1,1
DA:2,105
DA:32,132
DA:33,14
DA:37,132
DA:38,132
DA:39,132
DA:40,132
DA:41,132
DA:42,663
DA:43,310
DA:45,353
DA:47,132
DA:48,132
DA:49,44
DA:51,132
DA:52,42
LF:17
LH:17
BRDA:38,1,0,55
BRDA:38,1,1,77
BRDA:40,2,0,62
BRDA:40,2,1,70
BRDA:42,3,0,310
BRDA:42,3,1,353
BRDA:42,4,0,663
BRDA:42,4,1,377
BRDA:45,5,0,353
BRDA:45,5,1,294
BRDA:45,5,2,218
BRF:11
BRH:11
end_of_record
TN:
SF:/Users/Mike/projects/clio/lib-themisui/src/lib/thLazy/index.coffee
FNF:0
FNH:0
DA:1,1
DA:3,1
DA:5,1
LF:3
LH:3
BRF:0
BRH:0
end_of_record
TN:
SF:/Users/Mike/projects/clio/lib-themisui/src/lib/thLazy/thLazyManager.service.coffee
FN:1,(anonymous_1)
FN:4,(anonymous_2)
FN:7,(anonymous_3)
FNF:3
FNH:3
FNDA:18,(anonymous_1)
FNDA:1,(anonymous_2)
FNDA:6,(anonymous_3)
DA:1,1
DA:2,18
DA:3,18
DA:4,18
DA:5,1
DA:7,18
DA:8,6
DA:9,2
DA:12,18
LF:9
LH:9
BRDA:8,1,0,2
BRDA:8,1,1,4
BRF:2
BRH:2
end_of_record
TN:
SF:/Users/Mike/projects/clio/lib-themisui/src/lib/thLazy/thLazy.component.coffee
FN:7,(anonymous_1)
FN:10,LazyController
FN:19,(anonymous_3)
FN:23,(anonymous_4)
FN:24,(anonymous_5)
FN:34,(anonymous_6)
FN:42,(anonymous_7)
FNF:7
FNH:7
FNDA:1,(anonymous_1)
FNDA:18,LazyController
FNDA:5,(anonymous_3)
FNDA:5,(anonymous_4)
FNDA:2,(anonymous_5)
FNDA:2,(anonymous_6)
FNDA:4,(anonymous_7)
DA:1,1
DA:3,1
DA:5,1
DA:7,1
DA:10,1
DA:11,18
DA:12,18
DA:13,18
DA:14,18
DA:15,18
DA:16,18
DA:19,1
DA:20,5
DA:21,5
DA:22,5
DA:23,5
DA:24,5
DA:25,2
DA:26,2
DA:27,2
DA:28,2
DA:34,1
DA:35,2
DA:36,2
DA:37,2
DA:38,1
DA:42,1
DA:43,4
DA:44,4
DA:45,4
DA:46,4
DA:47,2
DA:48,2
DA:49,2
DA:50,2
DA:52,2
DA:56,1
DA:60,1
LF:38
LH:38
BRDA:21,1,0,5
BRDA:21,1,1,0
BRDA:27,2,0,2
BRDA:27,2,1,0
BRDA:37,3,0,1
BRDA:37,3,1,1
BRDA:46,4,0,2
BRDA:46,4,1,2
BRF:8
BRH:6
end_of_record
TN:
SF:/Users/Mike/projects/clio/lib-themisui/src/lib/thLazy/thLazy.template.html
FNF:0
FNH:0
DA:1,1
LF:1
LH:1
BRF:0
BRH:0
end_of_record
TN:
SF:/Users/Mike/projects/clio/lib-themisui/src/lib/thLazy/thMetaLoader.component.coffee
FN:3,(anonymous_1)
FN:6,MetaLoader
FN:12,(anonymous_3)
FN:15,(anonymous_4)
FN:22,(anonymous_5)
FN:23,(anonymous_6)
FN:24,(anonymous_7)
FNF:7
FNH:7
FNDA:1,(anonymous_1)
FNDA:5,MetaLoader
FNDA:4,(anonymous_3)
FNDA:4,(anonymous_4)
FNDA:1,(anonymous_5)
FNDA:1,(anonymous_6)
FNDA:1,(anonymous_7)
DA:1,1
DA:3,1
DA:6,1
DA:7,5
DA:8,5
DA:9,5
DA:12,1
DA:13,4
DA:14,4
DA:15,4
DA:16,4
DA:18,4
DA:19,4
DA:22,1
DA:23,1
DA:24,1
DA:25,1
DA:30,1
DA:34,1
LF:19
LH:19
BRF:0
BRH:0
end_of_record
TN:
SF:/Users/Mike/projects/clio/lib-themisui/src/lib/thLazy/thMetaLoader.template.html
FNF:0
FNH:0
DA:1,1
LF:1
LH:1
BRF:0
BRH:0
end_of_record
TN:
SF:/Users/Mike/projects/clio/lib-themisui/src/lib/thLoader/index.coffee
FNF:0
FNH:0
DA:1,1
LF:1
LH:1
BRF:0
BRH:0
end_of_record
TN:
SF:/Users/Mike/projects/clio/lib-themisui/src/lib/thLoader/thLoader.directive.coffee
FN:1,(anonymous_1)
FN:16,(anonymous_2)
FN:21,(anonymous_3)
FN:25,(anonymous_4)
FN:26,(anonymous_5)
FN:32,(anonymous_6)
FN:33,(anonymous_7)
FNF:7
FNH:7
FNDA:39,(anonymous_1)
FNDA:25,(anonymous_2)
FNDA:25,(anonymous_3)
FNDA:2,(anonymous_4)
FNDA:1,(anonymous_5)
FNDA:2,(anonymous_6)
FNDA:1,(anonymous_7)
DA:1,1
DA:2,39
DA:17,25
DA:18,25
DA:19,25
DA:22,25
DA:23,25
DA:25,2
DA:26,2
DA:27,1
DA:30,2
DA:32,2
DA:33,2
DA:34,1
LF:14
LH:14
BRDA:19,1,0,25
BRDA:19,1,1,10
BRDA:22,2,0,25
BRDA:22,2,1,25
BRDA:23,3,0,2
BRDA:23,3,1,2
BRF:6
BRH:6
end_of_record
TN:
SF:/Users/Mike/projects/clio/lib-themisui/src/lib/thModal/index.coffee
FNF:0
FNH:0
DA:1,1
DA:3,1
DA:5,1
DA:7,1
LF:4
LH:4
BRF:0
BRH:0
end_of_record
TN:
SF:/Users/Mike/projects/clio/lib-themisui/src/lib/thModal/thModalTitlebar/index.coffee
FNF:0
FNH:0
DA:1,1
LF:1
LH:1
BRF:0
BRH:0
end_of_record
TN:
SF:/Users/Mike/projects/clio/lib-themisui/src/lib/thModal/thModalTitlebar/thModalTitlebar.component.coffee
FN:3,(anonymous_1)
FN:6,ModalTitlebar
FN:17,(anonymous_3)
FNF:3
FNH:3
FNDA:1,(anonymous_1)
FNDA:6,ModalTitlebar
FNDA:1,(anonymous_3)
DA:1,1
DA:3,1
DA:6,1
DA:7,6
DA:8,6
DA:9,5
DA:11,6
DA:12,5
DA:14,6
DA:17,1
DA:18,1
DA:19,1
DA:23,1
DA:27,1
LF:14
LH:14
BRDA:8,1,0,5
BRDA:8,1,1,1
BRDA:11,2,0,5
BRDA:11,2,1,1
BRDA:18,3,0,1
BRDA:18,3,1,0
BRF:6
BRH:5
end_of_record
TN:
SF:/Users/Mike/projects/clio/lib-themisui/src/lib/thModal/thModalTitlebar/thModalTitlebar.template.html
FNF:0
FNH:0
DA:1,1
LF:1
LH:1
BRF:0
BRH:0
end_of_record
TN:
SF:/Users/Mike/projects/clio/lib-themisui/src/lib/thModal/thModalManager.service.coffee
FN:1,(anonymous_1)
FN:4,(anonymous_2)
FN:18,(anonymous_3)
FN:28,(anonymous_4)
FN:36,(anonymous_5)
FN:44,(anonymous_6)
FN:46,(anonymous_7)
FN:51,(anonymous_8)
FN:53,(anonymous_9)
FN:60,(anonymous_10)
FNF:10
FNH:10
FNDA:29,(anonymous_1)
FNDA:21,(anonymous_2)
FNDA:20,(anonymous_3)
FNDA:4,(anonymous_4)
FNDA:3,(anonymous_5)
FNDA:7,(anonymous_6)
FNDA:7,(anonymous_7)
FNDA:7,(anonymous_8)
FNDA:7,(anonymous_9)
FNDA:20,(anonymous_10)
DA:1,1
DA:2,29
DA:3,29
DA:4,29
DA:5,21
DA:6,21
DA:7,0
DA:9,21
DA:10,21
DA:11,21
DA:18,21
DA:19,20
DA:26,21
DA:28,29
DA:29,4
DA:30,4
DA:31,4
DA:32,3
DA:34,4
DA:36,29
DA:37,3
DA:38,3
DA:39,3
DA:40,2
DA:42,3
DA:44,29
DA:45,7
DA:46,7
DA:47,7
DA:49,7
DA:51,29
DA:52,7
DA:53,7
DA:54,7
DA:56,7
DA:57,5
DA:60,29
DA:61,20
DA:62,20
DA:63,20
DA:64,20
DA:72,29
LF:42
LH:41
BRDA:6,1,0,0
BRDA:6,1,1,21
BRDA:9,2,0,20
BRDA:9,2,1,1
BRDA:9,3,0,14
BRDA:9,3,1,7
BRDA:9,4,0,0
BRDA:9,4,1,21
BRDA:9,5,0,14
BRDA:9,5,1,7
BRDA:9,6,0,1
BRDA:9,6,1,20
BRDA:11,7,0,1
BRDA:11,7,1,20
BRDA:31,8,0,3
BRDA:31,8,1,1
BRDA:39,9,0,2
BRDA:39,9,1,1
BRDA:56,10,0,5
BRDA:56,10,1,2
BRDA:63,11,0,20
BRDA:63,11,1,0
BRDA:63,12,0,0
BRDA:63,12,1,20
BRF:24
BRH:20
end_of_record
TN:
SF:/Users/Mike/projects/clio/lib-themisui/src/lib/thModal/thModal.directive.coffee
FN:1,(anonymous_1)
FN:11,(anonymous_2)
FN:15,(anonymous_3)
FN:18,(anonymous_4)
FNF:4
FNH:4
FNDA:8,(anonymous_1)
FNDA:8,(anonymous_2)
FNDA:1,(anonymous_3)
FNDA:1,(anonymous_4)
DA:1,1
DA:2,8
DA:12,8
DA:13,8
DA:14,8
DA:15,8
DA:16,1
DA:18,8
DA:19,1
LF:9
LH:9
BRF:0
BRH:0
end_of_record
TN:
SF:/Users/Mike/projects/clio/lib-themisui/src/lib/thModal/thModalAnchor.directive.coffee
FN:1,(anonymous_1)
FN:8,(anonymous_2)
FNF:2
FNH:2
FNDA:10,(anonymous_1)
FNDA:10,(anonymous_2)
DA:1,1
DA:2,10
DA:9,10
LF:3
LH:3
BRF:0
BRH:0
end_of_record
TN:
SF:/Users/Mike/projects/clio/lib-themisui/src/lib/thPlural/index.coffee
FNF:0
FNH:0
DA:1,1
LF:1
LH:1
BRF:0
BRH:0
end_of_record
TN:
SF:/Users/Mike/projects/clio/lib-themisui/src/lib/thPlural/thPlural.filter.coffee
FN:5,(anonymous_1)
FN:6,(anonymous_2)
FNF:2
FNH:2
FNDA:20,(anonymous_1)
FNDA:24,(anonymous_2)
DA:1,1
DA:3,1
DA:5,1
DA:6,20
DA:7,24
DA:8,0
DA:10,24
DA:11,1
DA:13,24
LF:9
LH:8
BRDA:7,1,0,0
BRDA:7,1,1,24
BRDA:10,2,0,1
BRDA:10,2,1,23
BRF:4
BRH:3
end_of_record
TN:
SF:/Users/Mike/projects/clio/lib-themisui/src/lib/thPopover/index.coffee
FNF:0
FNH:0
DA:1,1
DA:3,1
DA:5,1
DA:7,1
DA:9,1
LF:5
LH:5
BRF:0
BRH:0
end_of_record
TN:
SF:/Users/Mike/projects/clio/lib-themisui/src/lib/thPopover/thPopoverManager.service.coffee
FN:1,(anonymous_1)
FN:5,(anonymous_2)
FN:7,(anonymous_3)
FN:8,(anonymous_4)
FN:17,(anonymous_5)
FN:26,(anonymous_6)
FN:31,(anonymous_7)
FN:41,(anonymous_8)
FN:59,(anonymous_9)
FN:63,(anonymous_10)
FN:68,(anonymous_11)
FNF:11
FNH:11
FNDA:29,(anonymous_1)
FNDA:16,(anonymous_2)
FNDA:3,(anonymous_3)
FNDA:3,(anonymous_4)
FNDA:3,(anonymous_5)
FNDA:14,(anonymous_6)
FNDA:2,(anonymous_7)
FNDA:5,(anonymous_8)
FNDA:2,(anonymous_9)
FNDA:4,(anonymous_10)
FNDA:4,(anonymous_11)
DA:1,1
DA:2,29
DA:3,29
DA:4,29
DA:5,29
DA:6,16
DA:8,3
DA:9,3
DA:17,29
DA:18,3
DA:19,0
DA:21,3
DA:22,0
DA:24,3
DA:26,29
DA:27,14
DA:31,29
DA:32,2
DA:33,2
DA:34,1
DA:36,1
DA:37,1
DA:38,1
DA:41,29
DA:42,5
DA:43,5
DA:44,0
DA:46,5
DA:47,5
DA:48,1
DA:50,4
DA:51,2
DA:53,2
DA:54,2
DA:55,2
DA:56,2
DA:57,2
DA:59,2
DA:60,2
DA:63,29
DA:64,4
DA:65,4
DA:68,4
DA:69,4
DA:72,29
DA:73,29
LF:46
LH:43
BRDA:18,1,0,0
BRDA:18,1,1,3
BRDA:21,2,0,0
BRDA:21,2,1,3
BRDA:33,3,0,1
BRDA:33,3,1,1
BRDA:37,4,0,1
BRDA:37,4,1,0
BRDA:43,5,0,0
BRDA:43,5,1,5
BRDA:47,6,0,1
BRDA:47,6,1,4
BRDA:50,7,0,2
BRDA:50,7,1,2
BRDA:54,8,0,2
BRDA:54,8,1,0
BRF:16
BRH:11
end_of_record
TN:
SF:/Users/Mike/projects/clio/lib-themisui/src/lib/thPopover/thPopover.directive.coffee
FN:1,(anonymous_1)
FN:4,(anonymous_2)
FN:9,(anonymous_3)
FNF:3
FNH:2
FNDA:2,(anonymous_1)
FNDA:2,(anonymous_2)
FNDA:0,(anonymous_3)
DA:1,1
DA:2,2
DA:5,2
DA:6,2
DA:7,1
DA:9,1
DA:10,0
LF:7
LH:6
BRDA:6,1,0,1
BRDA:6,1,1,1
BRDA:6,2,0,2
BRDA:6,2,1,0
BRF:4
BRH:3
end_of_record
TN:
SF:/Users/Mike/projects/clio/lib-themisui/src/lib/thPopover/thPopoverUrl.directive.coffee
FN:1,(anonymous_1)
FN:4,(anonymous_2)
FN:9,(anonymous_3)
FN:11,(anonymous_4)
FNF:4
FNH:4
FNDA:6,(anonymous_1)
FNDA:6,(anonymous_2)
FNDA:4,(anonymous_3)
FNDA:4,(anonymous_4)
DA:1,1
DA:2,6
DA:5,6
DA:6,6
DA:7,1
DA:9,5
DA:10,4
DA:12,4
LF:8
LH:8
BRDA:6,1,0,1
BRDA:6,1,1,5
BRDA:6,2,0,6
BRDA:6,2,1,0
BRF:4
BRH:3
end_of_record
TN:
SF:/Users/Mike/projects/clio/lib-themisui/src/lib/thPopover/thPopoverContent.directive.coffee
FN:1,(anonymous_1)
FN:4,(anonymous_2)
FNF:2
FNH:2
FNDA:18,(anonymous_1)
FNDA:16,(anonymous_2)
DA:1,1
DA:2,18
DA:5,16
DA:6,16
DA:7,1
DA:9,15
DA:10,15
LF:7
LH:7
BRDA:6,1,0,1
BRDA:6,1,1,15
BRDA:6,2,0,15
BRDA:6,2,1,1
BRF:4
BRH:4
end_of_record
TN:
SF:/Users/Mike/projects/clio/lib-themisui/src/lib/thPopover/thPopoverTarget.directive.coffee
FN:1,(anonymous_1)
FN:4,(anonymous_2)
FNF:2
FNH:2
FNDA:14,(anonymous_1)
FNDA:16,(anonymous_2)
DA:1,1
DA:2,14
DA:5,16
DA:6,16
DA:7,1
DA:9,15
LF:6
LH:6
BRDA:6,1,0,1
BRDA:6,1,1,15
BRDA:6,2,0,16
BRDA:6,2,1,0
BRF:4
BRH:3
end_of_record
TN:
SF:/Users/Mike/projects/clio/lib-themisui/src/lib/thRadioGroup/index.coffee
FNF:0
FNH:0
DA:1,1
DA:3,1
LF:2
LH:2
BRF:0
BRH:0
end_of_record
TN:
SF:/Users/Mike/projects/clio/lib-themisui/src/lib/thRadioGroup/thRadioGroup.directive.coffee
FN:1,(anonymous_1)
FN:15,(anonymous_2)
FN:18,(anonymous_3)
FN:22,(anonymous_4)
FN:23,(anonymous_5)
FN:26,(anonymous_6)
FN:37,(anonymous_7)
FN:40,(anonymous_8)
FN:41,(anonymous_9)
FN:57,(anonymous_10)
FNF:10
FNH:10
FNDA:33,(anonymous_1)
FNDA:37,(anonymous_2)
FNDA:74,(anonymous_3)
FNDA:37,(anonymous_4)
FNDA:164,(anonymous_5)
FNDA:50,(anonymous_6)
FNDA:15,(anonymous_7)
FNDA:12,(anonymous_8)
FNDA:12,(anonymous_9)
FNDA:12,(anonymous_10)
DA:1,1
DA:2,33
DA:16,37
DA:17,37
DA:18,37
DA:19,74
DA:20,74
DA:22,37
DA:23,37
DA:24,164
DA:27,50
DA:28,50
DA:29,30
DA:30,30
DA:31,60
DA:32,60
DA:34,30
DA:37,37
DA:38,15
DA:39,15
DA:40,12
DA:41,12
DA:42,12
DA:43,12
DA:47,12
DA:48,12
DA:50,12
DA:51,24
DA:52,24
DA:53,5
DA:56,12
DA:57,12
DA:58,12
DA:59,12
DA:60,12
DA:61,12
DA:62,24
DA:63,24
DA:64,12
DA:67,12
LF:40
LH:40
BRDA:19,1,0,74
BRDA:19,1,1,0
BRDA:28,2,0,30
BRDA:28,2,1,20
BRDA:39,3,0,12
BRDA:39,3,1,3
BRDA:42,4,0,12
BRDA:42,4,1,0
BRDA:47,5,0,12
BRDA:47,5,1,0
BRDA:52,6,0,5
BRDA:52,6,1,19
BRDA:63,7,0,12
BRDA:63,7,1,12
BRF:14
BRH:11
end_of_record
TN:
SF:/Users/Mike/projects/clio/lib-themisui/src/lib/thRadioGroup/thRadioButton.directive.coffee
FN:1,(anonymous_1)
FN:11,(anonymous_2)
FN:14,(anonymous_3)
FNF:3
FNH:3
FNDA:33,(anonymous_1)
FNDA:74,(anonymous_2)
FNDA:15,(anonymous_3)
DA:1,1
DA:2,33
DA:12,74
DA:13,74
DA:14,74
DA:15,15
LF:6
LH:6
BRF:0
BRH:0
end_of_record
TN:
SF:/Users/Mike/projects/clio/lib-themisui/src/lib/thSelect/index.coffee
FNF:0
FNH:0
DA:1,1
LF:1
LH:1
BRF:0
BRH:0
end_of_record
TN:
SF:/Users/Mike/projects/clio/lib-themisui/src/lib/thSelect/thSelect.directive.coffee
FN:1,(anonymous_1)
FN:22,(anonymous_2)
FN:37,(anonymous_3)
FN:40,(anonymous_4)
FN:43,(anonymous_5)
FN:44,(anonymous_6)
FN:49,(anonymous_7)
FN:80,(anonymous_8)
FN:84,(anonymous_9)
FN:89,(anonymous_10)
FN:96,(anonymous_11)
FN:99,(anonymous_12)
FN:104,(anonymous_13)
FN:106,(anonymous_14)
FN:127,(anonymous_15)
FN:130,(anonymous_16)
FNF:16
FNH:15
FNDA:99,(anonymous_1)
FNDA:108,(anonymous_2)
FNDA:34,(anonymous_3)
FNDA:171,(anonymous_4)
FNDA:108,(anonymous_5)
FNDA:171,(anonymous_6)
FNDA:0,(anonymous_7)
FNDA:15,(anonymous_8)
FNDA:108,(anonymous_9)
FNDA:461,(anonymous_10)
FNDA:61,(anonymous_11)
FNDA:75,(anonymous_12)
FNDA:351,(anonymous_13)
FNDA:136,(anonymous_14)
FNDA:13,(anonymous_15)
FNDA:11,(anonymous_16)
DA:1,1
DA:2,99
DA:23,108
DA:24,108
DA:25,108
DA:26,62
DA:28,108
DA:29,27
DA:31,108
DA:32,107
DA:34,108
DA:35,107
DA:37,108
DA:38,34
DA:40,108
DA:41,171
DA:43,108
DA:44,108
DA:45,171
DA:46,171
DA:47,0
DA:48,0
DA:49,0
DA:50,0
DA:51,0
DA:56,0
DA:57,0
DA:66,171
DA:67,34
DA:71,34
DA:72,9
DA:80,108
DA:81,15
DA:85,108
DA:86,108
DA:87,108
DA:88,108
DA:89,108
DA:90,461
DA:91,386
DA:93,75
DA:95,108
DA:96,108
DA:97,61
DA:99,108
DA:100,75
DA:101,75
DA:102,75
DA:104,108
DA:105,351
DA:107,136
DA:108,75
DA:109,75
DA:111,61
DA:112,61
DA:115,108
DA:116,108
DA:117,108
DA:118,322
DA:119,322
DA:120,0
DA:123,108
DA:124,0
DA:126,108
DA:127,108
DA:128,13
DA:130,108
DA:131,11
LF:68
LH:59
BRDA:25,1,0,62
BRDA:25,1,1,46
BRDA:28,2,0,27
BRDA:28,2,1,81
BRDA:31,3,0,107
BRDA:31,3,1,1
BRDA:34,4,0,107
BRDA:34,4,1,1
BRDA:46,5,0,0
BRDA:46,5,1,171
BRDA:50,6,0,0
BRDA:50,6,1,0
BRDA:56,7,0,0
BRDA:56,7,1,0
BRDA:66,8,0,34
BRDA:66,8,1,137
BRDA:71,9,0,9
BRDA:71,9,1,25
BRDA:86,10,0,15
BRDA:86,10,1,93
BRDA:88,11,0,32
BRDA:88,11,1,76
BRDA:90,12,0,386
BRDA:90,12,1,75
BRDA:90,13,0,461
BRDA:90,13,1,130
BRDA:93,14,0,75
BRDA:93,14,1,41
BRDA:93,14,2,23
BRDA:107,15,0,75
BRDA:107,15,1,61
BRDA:107,16,0,88
BRDA:107,16,1,48
BRDA:119,17,0,0
BRDA:119,17,1,322
BRDA:123,18,0,0
BRDA:123,18,1,108
BRF:37
BRH:30
end_of_record
TN:
SF:/Users/Mike/projects/clio/lib-themisui/src/lib/thSwitch/index.coffee
FNF:0
FNH:0
DA:1,1
LF:1
LH:1
BRF:0
BRH:0
end_of_record
TN:
SF:/Users/Mike/projects/clio/lib-themisui/src/lib/thSwitch/thSwitch.directive.coffee
FN:1,(anonymous_1)
FN:14,(anonymous_2)
FN:17,(anonymous_3)
FN:18,(anonymous_4)
FN:19,(anonymous_5)
FN:27,(anonymous_6)
FN:28,(anonymous_7)
FNF:7
FNH:7
FNDA:19,(anonymous_1)
FNDA:21,(anonymous_2)
FNDA:7,(anonymous_3)
FNDA:7,(anonymous_4)
FNDA:7,(anonymous_5)
FNDA:21,(anonymous_6)
FNDA:7,(anonymous_7)
DA:1,1
DA:2,19
DA:15,21
DA:16,21
DA:17,21
DA:18,7
DA:19,7
DA:20,7
DA:23,7
DA:24,7
DA:27,21
DA:28,21
DA:29,7
LF:13
LH:13
BRDA:16,1,0,11
BRDA:16,1,1,10
BRDA:23,2,0,7
BRDA:23,2,1,0
BRF:4
BRH:3
end_of_record
TN:
SF:/Users/Mike/projects/clio/lib-themisui/src/lib/thTable/index.coffee
FNF:0
FNH:0
DA:1,1
DA:3,1
DA:5,1
DA:7,1
DA:9,1
DA:11,1
DA:13,1
DA:15,1
DA:17,1
LF:9
LH:9
BRF:0
BRH:0
end_of_record
TN:
SF:/Users/Mike/projects/clio/lib-themisui/src/lib/thTable/thTable.directive.coffee
FN:5,(anonymous_1)
FN:13,(anonymous_2)
FN:16,(anonymous_3)
FN:23,(anonymous_4)
FNF:4
FNH:4
FNDA:2,(anonymous_1)
FNDA:2,(anonymous_2)
FNDA:2,(anonymous_3)
FNDA:2,(anonymous_4)
DA:1,1
DA:3,1
DA:5,1
DA:6,2
DA:14,2
DA:17,2
DA:18,2
DA:21,2
DA:22,2
DA:24,2
DA:25,2
DA:26,2
DA:27,2
DA:28,2
DA:29,2
DA:30,2
LF:16
LH:16
BRF:0
BRH:0
end_of_record
TN:
SF:/Users/Mike/projects/clio/lib-themisui/src/lib/thTable/thTableKeyboardNavigation.coffee
FN:5,(anonymous_1)
FN:8,(anonymous_2)
FN:14,(anonymous_3)
FN:21,(anonymous_4)
FN:31,(anonymous_5)
FN:38,(anonymous_6)
FN:45,(anonymous_7)
FN:48,(anonymous_8)
FN:56,(anonymous_9)
FN:78,(anonymous_10)
FN:86,(anonymous_11)
FNF:11
FNH:1
FNDA:2,(anonymous_1)
FNDA:0,(anonymous_2)
FNDA:0,(anonymous_3)
FNDA:0,(anonymous_4)
FNDA:0,(anonymous_5)
FNDA:0,(anonymous_6)
FNDA:0,(anonymous_7)
FNDA:0,(anonymous_8)
FNDA:0,(anonymous_9)
FNDA:0,(anonymous_10)
FNDA:0,(anonymous_11)
DA:1,1
DA:3,1
DA:5,1
DA:6,2
DA:7,2
DA:8,2
DA:9,0
DA:10,0
DA:11,0
DA:14,0
DA:15,0
DA:16,0
DA:17,0
DA:18,0
DA:19,0
DA:20,0
DA:21,0
DA:22,0
DA:23,0
DA:25,0
DA:28,0
DA:29,0
DA:31,0
DA:32,0
DA:33,0
DA:34,0
DA:35,0
DA:36,0
DA:38,0
DA:39,0
DA:40,0
DA:42,0
DA:45,0
DA:46,0
DA:48,0
DA:49,0
DA:50,0
DA:51,0
DA:52,0
DA:54,0
DA:56,0
DA:57,0
DA:58,0
DA:59,0
DA:60,0
DA:61,0
DA:62,0
DA:63,0
DA:64,0
DA:65,0
DA:66,0
DA:67,0
DA:69,0
DA:70,0
DA:72,0
DA:78,0
DA:79,0
DA:80,0
DA:81,0
DA:82,0
DA:83,0
DA:86,0
DA:87,0
DA:88,0
DA:89,0
DA:90,0
DA:91,0
DA:92,0
DA:95,0
DA:96,0
DA:97,0
DA:98,0
DA:99,0
DA:101,0
DA:102,0
DA:103,0
DA:105,0
DA:106,0
DA:108,0
DA:109,0
DA:111,0
DA:112,0
DA:114,0
DA:115,0
DA:116,0
DA:117,0
DA:118,0
DA:119,0
DA:121,0
DA:124,0
DA:127,0
DA:128,0
DA:130,0
DA:131,0
DA:133,0
DA:134,0
DA:135,0
DA:137,0
DA:138,0
DA:141,0
DA:142,0
DA:143,0
DA:144,0
DA:148,0
DA:149,0
DA:150,0
DA:151,0
DA:152,0
DA:153,0
DA:155,0
DA:158,0
DA:159,0
DA:160,0
DA:161,0
DA:162,0
DA:164,0
DA:167,0
DA:168,0
DA:171,0
DA:172,0
DA:173,0
DA:174,0
LF:122
LH:6
BRDA:9,1,0,0
BRDA:9,1,1,0
BRDA:9,2,0,0
BRDA:9,2,1,0
BRDA:9,2,2,0
BRDA:10,3,0,0
BRDA:10,3,1,0
BRDA:10,4,0,0
BRDA:10,4,1,0
BRDA:10,4,2,0
BRDA:10,4,3,0
BRDA:10,4,4,0
BRDA:10,4,5,0
BRDA:10,4,6,0
BRDA:10,4,7,0
BRDA:10,4,8,0
BRDA:22,5,0,0
BRDA:22,5,1,0
BRDA:28,6,0,0
BRDA:28,6,1,0
BRDA:28,7,0,0
BRDA:28,7,1,0
BRDA:39,8,0,0
BRDA:39,8,1,0
BRDA:51,9,0,0
BRDA:51,9,1,0
BRDA:59,10,0,0
BRDA:59,10,1,0
BRDA:60,11,0,0
BRDA:60,11,1,0
BRDA:62,12,0,0
BRDA:62,12,1,0
BRDA:63,13,0,0
BRDA:63,13,1,0
BRDA:64,14,0,0
BRDA:64,14,1,0
BRDA:65,15,0,0
BRDA:65,15,1,0
BRDA:69,16,0,0
BRDA:69,16,1,0
BRDA:81,17,0,0
BRDA:81,17,1,0
BRDA:82,18,0,0
BRDA:82,18,1,0
BRDA:89,19,0,0
BRDA:89,19,1,0
BRDA:91,20,0,0
BRDA:91,20,1,0
BRDA:95,21,0,0
BRDA:95,21,1,0
BRDA:95,22,0,0
BRDA:95,22,1,0
BRDA:96,23,0,0
[...]
DA:57,10
DA:58,10
DA:60,5
DA:61,5
DA:63,5
DA:64,5
DA:68,2
DA:69,2
DA:70,2
DA:71,6
DA:72,6
DA:74,2
DA:75,2
DA:77,2
DA:78,2
DA:80,2
DA:81,2
DA:82,2
LF:56
LH:56
BRDA:57,1,0,4
BRDA:57,1,1,6
BRF:2
BRH:2
end_of_record
TN:
SF:/Users/Mike/projects/clio/lib-themisui/src/lib/thWithLabel/thWithLabel-on-thInput.directive.spec.coffee
FN:7,(anonymous_1)
FN:11,(anonymous_2)
FN:14,(anonymous_3)
FNF:3
FNH:3
FNDA:1,(anonymous_1)
FNDA:3,(anonymous_2)
FNDA:1,(anonymous_3)
DA:1,1
DA:3,1
DA:5,1
DA:7,1
DA:8,1
DA:9,1
DA:10,1
DA:11,1
DA:12,3
DA:14,1
DA:15,1
LF:11
LH:11
BRF:0
BRH:0
end_of_record
TN:
SF:/Users/Mike/projects/clio/lib-themisui/src/lib/thWithLabel/thWithLabel-on-thRadioGroup.directive.spec.coffee
FN:7,(anonymous_1)
FN:11,(anonymous_2)
FN:14,(anonymous_3)
FN:21,(anonymous_4)
FN:22,(anonymous_5)
FN:26,(anonymous_6)
FN:29,(anonymous_7)
FN:32,(anonymous_8)
FNF:8
FNH:8
FNDA:1,(anonymous_1)
FNDA:6,(anonymous_2)
FNDA:2,(anonymous_3)
FNDA:1,(anonymous_4)
FNDA:4,(anonymous_5)
FNDA:1,(anonymous_6)
FNDA:1,(anonymous_7)
FNDA:1,(anonymous_8)
DA:1,1
DA:3,1
DA:5,1
DA:7,1
DA:8,1
DA:9,1
DA:10,1
DA:11,1
DA:12,6
DA:13,6
DA:15,2
DA:18,6
DA:19,6
DA:21,1
DA:22,1
DA:23,4
DA:24,4
DA:26,1
DA:27,1
DA:29,1
DA:30,1
DA:32,1
DA:33,1
LF:23
LH:23
BRF:0
BRH:0
end_of_record
TN:
SF:/Users/Mike/projects/clio/lib-themisui/src/lib/thWithLabel/thWithLabel-on-thSelect.directive.spec.coffee
FN:7,(anonymous_1)
FN:11,(anonymous_2)
FN:26,(anonymous_3)
FNF:3
FNH:3
FNDA:1,(anonymous_1)
FNDA:3,(anonymous_2)
FNDA:1,(anonymous_3)
DA:1,1
DA:3,1
DA:5,1
DA:7,1
DA:8,1
DA:9,1
DA:10,1
DA:11,1
DA:12,3
DA:13,3
DA:24,3
DA:26,1
DA:27,1
LF:13
LH:13
BRF:0
BRH:0
end_of_record
TN:
SF:/Users/Mike/projects/clio/lib-themisui/src/lib/thWithLabel/thWithLabel-on-thSwitch.directive.spec.coffee
FN:9,(anonymous_1)
FN:13,(anonymous_2)
FN:16,(anonymous_3)
FN:23,(anonymous_4)
FN:25,(anonymous_5)
FNF:5
FNH:5
FNDA:1,(anonymous_1)
FNDA:6,(anonymous_2)
FNDA:2,(anonymous_3)
FNDA:1,(anonymous_4)
FNDA:1,(anonymous_5)
DA:1,1
DA:3,1
DA:5,1
DA:7,1
DA:9,1
DA:10,1
DA:11,1
DA:12,1
DA:13,1
DA:14,6
DA:15,6
DA:17,2
DA:21,6
DA:23,1
DA:24,1
DA:25,1
DA:26,1
LF:17
LH:17
BRF:0
BRH:0
end_of_record
TN:
SF:/Users/Mike/projects/clio/lib-themisui/src/lib/thWithLabel/thWithLabel-on-thTextarea.directive.spec.coffee
FN:7,(anonymous_1)
FN:11,(anonymous_2)
FN:12,(anonymous_3)
FN:15,(anonymous_4)
FN:19,(anonymous_5)
FN:22,(anonymous_6)
FNF:6
FNH:6
FNDA:1,(anonymous_1)
FNDA:1,(anonymous_2)
FNDA:3,(anonymous_3)
FNDA:1,(anonymous_4)
FNDA:1,(anonymous_5)
FNDA:1,(anonymous_6)
DA:1,1
DA:3,1
DA:5,1
DA:7,1
DA:8,1
DA:9,1
DA:10,1
DA:11,1
DA:12,1
DA:13,3
DA:15,1
DA:16,1
DA:17,1
DA:19,1
DA:20,1
DA:22,1
DA:23,1
LF:17
LH:17
BRF:0
BRH:0
end_of_record
TN:
SF:/Users/Mike/projects/clio/lib-themisui/src/lib/thWithLabel/thWithLabel.directive.spec.coffee
FN:7,(anonymous_1)
FN:11,(anonymous_2)
FN:12,(anonymous_3)
FN:15,(anonymous_4)
FN:18,(anonymous_5)
FN:21,(anonymous_6)
FN:26,(anonymous_7)
FN:27,(anonymous_8)
FN:30,(anonymous_9)
FN:33,(anonymous_10)
FN:36,(anonymous_11)
FN:41,(anonymous_12)
FN:42,(anonymous_13)
FN:45,(anonymous_14)
FN:49,(anonymous_15)
FN:52,(anonymous_16)
FN:55,(anonymous_17)
FNF:17
FNH:17
FNDA:1,(anonymous_1)
FNDA:1,(anonymous_2)
FNDA:3,(anonymous_3)
FNDA:1,(anonymous_4)
FNDA:1,(anonymous_5)
FNDA:1,(anonymous_6)
FNDA:1,(anonymous_7)
FNDA:3,(anonymous_8)
FNDA:1,(anonymous_9)
FNDA:1,(anonymous_10)
FNDA:1,(anonymous_11)
FNDA:1,(anonymous_12)
FNDA:4,(anonymous_13)
FNDA:1,(anonymous_14)
FNDA:1,(anonymous_15)
FNDA:1,(anonymous_16)
FNDA:1,(anonymous_17)
DA:1,1
DA:3,1
DA:5,1
DA:7,1
DA:8,1
DA:9,1
DA:10,1
DA:11,1
DA:12,1
DA:13,3
DA:15,1
DA:16,1
DA:18,1
DA:19,1
DA:21,1
DA:22,1
DA:23,1
DA:26,1
DA:27,1
DA:28,3
DA:30,1
DA:31,1
DA:33,1
DA:34,1
DA:36,1
DA:37,1
DA:38,1
DA:41,1
DA:42,1
DA:43,4
DA:45,1
DA:46,1
DA:47,1
DA:49,1
DA:50,1
DA:52,1
DA:53,1
DA:55,1
DA:56,1
DA:57,1
LF:40
LH:40
BRF:0
BRH:0
end_of_record
TN:
SF:/Users/Mike/projects/clio/lib-themisui/src/lib/thWithLabel/thWithSubtext-on-thCheckbox.directive.spec.coffee
FN:9,(anonymous_1)
FN:13,(anonymous_2)
FN:16,(anonymous_3)
FN:22,(anonymous_4)
FN:25,(anonymous_5)
FNF:5
FNH:5
FNDA:1,(anonymous_1)
FNDA:16,(anonymous_2)
FNDA:2,(anonymous_3)
FNDA:1,(anonymous_4)
FNDA:1,(anonymous_5)
DA:1,1
DA:3,1
DA:5,1
DA:7,1
DA:9,1
DA:10,1
DA:11,1
DA:12,1
DA:13,1
DA:14,16
DA:15,16
DA:17,2
DA:20,16
DA:22,1
DA:23,1
DA:24,1
DA:25,1
DA:26,1
LF:18
LH:18
BRF:0
BRH:0
end_of_record
TN:
SF:/Users/Mike/projects/clio/lib-themisui/src/lib/thWithLabel/thWithSubtext-on-thRadioGroup.directive.spec.coffee
FN:9,(anonymous_1)
FN:13,(anonymous_2)
FN:16,(anonymous_3)
FN:23,(anonymous_4)
FN:24,(anonymous_5)
FN:28,(anonymous_6)
FN:31,(anonymous_7)
FN:34,(anonymous_8)
FN:37,(anonymous_9)
FN:40,(anonymous_10)
FNF:10
FNH:10
FNDA:1,(anonymous_1)
FNDA:8,(anonymous_2)
FNDA:2,(anonymous_3)
FNDA:1,(anonymous_4)
FNDA:6,(anonymous_5)
FNDA:1,(anonymous_6)
FNDA:1,(anonymous_7)
FNDA:1,(anonymous_8)
FNDA:1,(anonymous_9)
FNDA:1,(anonymous_10)
DA:1,1
DA:3,1
DA:5,1
DA:7,1
DA:9,1
DA:10,1
DA:11,1
DA:12,1
DA:13,1
DA:14,8
DA:15,8
DA:17,2
DA:20,8
DA:21,8
DA:23,1
DA:24,1
DA:25,6
DA:26,6
DA:28,1
DA:29,1
DA:31,1
DA:32,1
DA:34,1
DA:35,1
DA:37,1
DA:38,1
DA:40,1
DA:41,1
LF:28
LH:28
BRF:0
BRH:0
end_of_record
TN:
SF:/Users/Mike/projects/clio/lib-themisui/src/lib/thWithLabel/thWithSubtext.directive.spec.coffee
FN:9,(anonymous_1)
FN:13,(anonymous_2)
FN:16,(anonymous_3)
FN:22,(anonymous_4)
FNF:4
FNH:3
FNDA:1,(anonymous_1)
FNDA:12,(anonymous_2)
FNDA:0,(anonymous_3)
FNDA:1,(anonymous_4)
DA:1,1
DA:3,1
DA:5,1
DA:7,1
DA:9,1
DA:10,1
DA:11,1
DA:12,1
DA:13,1
DA:14,12
DA:15,12
DA:17,0
DA:20,12
DA:22,1
DA:23,1
DA:24,1
LF:16
LH:15
BRF:0
BRH:0
end_of_record
TN:
SF:/Users/Mike/projects/clio/lib-themisui/src/lib/thWithMessages/thMessageManager.service.spec.coffee
FN:7,(anonymous_1)
FN:11,(anonymous_2)
FN:16,(anonymous_3)
FN:17,(anonymous_4)
FN:33,(anonymous_5)
FN:36,(anonymous_6)
FN:37,(anonymous_7)
FN:40,(anonymous_8)
FN:45,(anonymous_9)
FN:52,(anonymous_10)
FN:53,(anonymous_11)
FN:56,(anonymous_12)
FN:63,(anonymous_13)
FN:64,(anonymous_14)
FN:71,(anonymous_15)
FN:72,(anonymous_16)
FN:89,(anonymous_17)
FN:90,(anonymous_18)
FN:95,(anonymous_19)
FN:102,(anonymous_20)
FN:120,(anonymous_21)
FN:121,(anonymous_22)
FN:127,(anonymous_23)
FN:135,(anonymous_24)
FN:136,(anonymous_25)
FN:142,(anonymous_26)
FNF:26
FNH:26
FNDA:15,(anonymous_1)
FNDA:1,(anonymous_2)
FNDA:9,(anonymous_3)
FNDA:9,(anonymous_4)
FNDA:1,(anonymous_5)
FNDA:1,(anonymous_6)
FNDA:4,(anonymous_7)
FNDA:1,(anonymous_8)
FNDA:1,(anonymous_9)
FNDA:1,(anonymous_10)
FNDA:2,(anonymous_11)
FNDA:1,(anonymous_12)
FNDA:1,(anonymous_13)
FNDA:1,(anonymous_14)
FNDA:1,(anonymous_15)
FNDA:4,(anonymous_16)
FNDA:1,(anonymous_17)
FNDA:2,(anonymous_18)
FNDA:1,(anonymous_19)
FNDA:1,(anonymous_20)
FNDA:1,(anonymous_21)
FNDA:1,(anonymous_22)
FNDA:1,(anonymous_23)
FNDA:1,(anonymous_24)
FNDA:1,(anonymous_25)
FNDA:1,(anonymous_26)
DA:1,1
DA:3,1
DA:5,1
DA:7,1
DA:8,15
DA:11,1
DA:12,1
DA:13,1
DA:14,1
DA:15,1
DA:16,1
DA:17,9
DA:18,9
DA:20,9
DA:26,9
DA:33,1
DA:34,1
DA:36,1
DA:37,1
DA:38,4
DA:40,1
DA:41,1
DA:42,1
DA:43,1
DA:45,1
DA:46,1
DA:47,1
DA:48,1
DA:49,1
DA:50,1
DA:52,1
DA:53,1
DA:54,2
DA:56,1
DA:57,1
DA:58,1
DA:59,1
DA:60,1
DA:61,1
DA:63,1
DA:64,1
DA:65,1
DA:66,1
DA:71,1
DA:72,1
DA:73,4
DA:82,4
DA:89,1
DA:90,1
DA:91,2
DA:92,2
DA:93,2
DA:95,1
DA:96,1
DA:97,1
DA:98,1
DA:99,1
DA:100,1
DA:102,1
DA:103,1
DA:104,1
DA:105,1
DA:106,1
DA:107,1
DA:108,1
DA:109,1
DA:110,1
DA:111,1
DA:112,1
DA:113,1
DA:114,1
DA:115,1
DA:116,1
DA:117,1
DA:120,1
DA:121,1
DA:122,1
DA:123,1
DA:124,1
DA:125,1
DA:127,1
DA:128,1
DA:129,1
DA:130,1
DA:131,1
DA:132,1
DA:135,1
DA:136,1
DA:137,1
DA:138,1
DA:139,1
DA:140,1
DA:142,1
DA:143,1
DA:144,1
DA:145,1
DA:146,1
DA:147,1
DA:148,1
DA:149,1
DA:150,1
DA:151,1
DA:152,1
DA:153,1
DA:154,1
DA:155,1
LF:106
LH:106
BRF:0
BRH:0
end_of_record
TN:
SF:/Users/Mike/projects/clio/lib-themisui/src/lib/thWithMessages/thWithMessages.directive.spec.coffee
FN:9,(anonymous_1)
FN:13,(anonymous_2)
FN:14,(anonymous_3)
FN:22,(anonymous_4)
FN:40,(anonymous_5)
FN:41,(anonymous_6)
FN:42,(anonymous_7)
FN:43,(anonymous_8)
FN:44,(anonymous_9)
FN:46,(anonymous_10)
FN:53,(anonymous_11)
FN:62,(anonymous_12)
FN:67,(anonymous_13)
FN:75,(anonymous_14)
FN:86,(anonymous_15)
FN:87,(anonymous_16)
FN:88,(anonymous_17)
FN:99,(anonymous_18)
FN:116,(anonymous_19)
FN:117,(anonymous_20)
FN:125,(anonymous_21)
FN:144,(anonymous_22)
FN:145,(anonymous_23)
FN:153,(anonymous_24)
FN:169,(anonymous_25)
FN:170,(anonymous_26)
FN:180,(anonymous_27)
FN:181,(anonymous_28)
FN:185,(anonymous_29)
FN:189,(anonymous_30)
FN:190,(anonymous_31)
FN:196,(anonymous_32)
FN:197,(anonymous_33)
FN:200,(anonymous_34)
FN:203,(anonymous_35)
FNF:35
FNH:35
FNDA:1,(anonymous_1)
FNDA:1,(anonymous_2)
FNDA:1,(anonymous_3)
FNDA:1,(anonymous_4)
FNDA:1,(anonymous_5)
FNDA:1,(anonymous_6)
FNDA:1,(anonymous_7)
FNDA:2,(anonymous_8)
FNDA:4,(anonymous_9)
FNDA:4,(anonymous_10)
FNDA:4,(anonymous_11)
FNDA:6,(anonymous_12)
FNDA:1,(anonymous_13)
FNDA:1,(anonymous_14)
FNDA:1,(anonymous_15)
FNDA:1,(anonymous_16)
FNDA:1,(anonymous_17)
FNDA:1,(anonymous_18)
FNDA:1,(anonymous_19)
FNDA:1,(anonymous_20)
FNDA:1,(anonymous_21)
FNDA:1,(anonymous_22)
FNDA:1,(anonymous_23)
FNDA:1,(anonymous_24)
FNDA:1,(anonymous_25)
FNDA:10,(anonymous_26)
FNDA:1,(anonymous_27)
FNDA:10,(anonymous_28)
FNDA:1,(anonymous_29)
FNDA:3,(anonymous_30)
FNDA:30,(anonymous_31)
FNDA:3,(anonymous_32)
FNDA:3,(anonymous_33)
FNDA:3,(anonymous_34)
FNDA:3,(anonymous_35)
DA:1,1
DA:3,1
DA:5,1
DA:7,1
DA:9,1
DA:10,1
DA:11,1
DA:12,1
DA:13,1
DA:14,1
DA:15,1
DA:22,1
DA:23,1
DA:24,1
DA:32,1
DA:38,1
DA:40,1
DA:41,1
DA:42,1
DA:43,1
DA:44,2
DA:45,4
DA:46,4
DA:47,4
DA:48,2
DA:50,2
DA:53,4
DA:54,4
DA:55,4
DA:57,0
DA:60,4
DA:62,2
DA:63,6
DA:64,6
DA:67,1
DA:68,1
DA:69,1
DA:72,1
DA:73,1
DA:75,1
DA:76,1
DA:77,1
DA:80,1
DA:81,1
DA:82,1
DA:86,1
DA:87,1
DA:88,1
DA:89,1
DA:90,1
DA:93,1
DA:94,1
DA:95,1
DA:96,1
DA:97,1
DA:99,1
DA:100,1
DA:101,1
DA:104,1
DA:105,1
DA:106,1
DA:107,1
DA:108,1
DA:109,1
DA:110,1
DA:116,1
DA:117,1
DA:118,1
DA:125,1
DA:126,1
DA:127,1
DA:135,1
DA:141,1
DA:144,1
DA:145,1
DA:146,1
DA:153,1
DA:154,1
DA:155,1
DA:160,1
DA:166,1
DA:169,1
DA:170,1
DA:171,10
DA:172,10
DA:173,10
DA:178,10
DA:180,1
DA:181,1
DA:182,10
DA:183,10
DA:185,1
DA:186,1
DA:187,1
DA:189,1
DA:190,3
DA:191,30
DA:192,30
DA:193,10
DA:196,3
DA:197,3
DA:198,3
DA:200,3
DA:201,3
DA:203,3
DA:204,3
DA:205,3
DA:206,3
LF:108
LH:107
BRDA:47,1,0,2
BRDA:47,1,1,2
BRDA:54,2,0,4
BRDA:54,2,1,0
BRDA:192,3,0,10
BRDA:192,3,1,20
BRF:6
BRH:5
end_of_record
TN:
SF:/Users/Mike/projects/clio/lib-themisui/src/lib/thWithMessages/validationTests.spec.coffee
FN:6,(anonymous_1)
FN:7,(anonymous_2)
FN:12,(anonymous_3)
FN:21,(anonymous_4)
FN:34,(anonymous_5)
FN:35,(anonymous_6)
FN:36,(anonymous_7)
FN:43,(anonymous_8)
FN:47,(anonymous_9)
FN:50,(anonymous_10)
FN:55,(anonymous_11)
FN:63,(anonymous_12)
FN:66,(anonymous_13)
FN:70,(anonymous_14)
FN:73,(anonymous_15)
FN:74,(anonymous_16)
FN:79,(anonymous_17)
FN:83,(anonymous_18)
FN:88,(anonymous_19)
FN:96,(anonymous_20)
FNF:20
FNH:20
FNDA:9,(anonymous_1)
FNDA:117,(anonymous_2)
FNDA:117,(anonymous_3)
FNDA:6,(anonymous_4)
FNDA:18,(anonymous_5)
FNDA:18,(anonymous_6)
FNDA:72,(anonymous_7)
FNDA:18,(anonymous_8)
FNDA:18,(anonymous_9)
FNDA:18,(anonymous_10)
FNDA:18,(anonymous_11)
FNDA:3,(anonymous_12)
FNDA:45,(anonymous_13)
FNDA:3,(anonymous_14)
FNDA:3,(anonymous_15)
FNDA:6,(anonymous_16)
FNDA:3,(anonymous_17)
FNDA:3,(anonymous_18)
FNDA:3,(anonymous_19)
FNDA:10,(anonymous_20)
DA:1,1
DA:3,1
DA:5,1
DA:7,9
DA:8,117
DA:9,117
DA:12,117
DA:13,117
DA:14,117
DA:17,117
DA:18,117
DA:22,6
DA:23,6
DA:24,0
DA:26,6
DA:27,6
DA:28,6
DA:34,6
DA:35,18
DA:36,18
DA:37,72
DA:38,72
DA:39,72
DA:40,72
DA:41,72
DA:43,18
DA:44,18
DA:45,18
DA:47,18
DA:48,18
DA:50,18
DA:51,18
DA:52,18
DA:53,18
DA:55,18
DA:56,18
DA:57,18
DA:58,18
DA:64,3
DA:65,3
DA:66,3
DA:67,45
DA:68,45
DA:70,3
DA:71,3
DA:73,3
DA:74,3
DA:75,6
DA:76,6
DA:77,6
DA:79,3
DA:80,3
DA:81,3
DA:83,3
DA:84,3
DA:89,3
DA:97,10
LF:57
LH:56
BRDA:13,1,0,117
BRDA:13,1,1,0
BRDA:23,2,0,0
BRDA:23,2,1,6
BRF:4
BRH:2
end_of_record
TN:
SF:/Users/Mike/projects/clio/lib-themisui/src/lib/thActionBar/thActionBar.template.html
FNF:0
FNH:0
DA:1,1
LF:1
LH:1
BRF:0
BRH:0
end_of_record
TN:
SF:/Users/Mike/projects/clio/lib-themisui/src/lib/thCheckbox/thCheckbox.template.html
FNF:0
FNH:0
DA:1,1
LF:1
LH:1
BRF:0
BRH:0
end_of_record
TN:
SF:/Users/Mike/projects/clio/lib-themisui/src/lib/thLoader/thLoader.template.html
FNF:0
FNH:0
DA:1,1
LF:1
LH:1
BRF:0
BRH:0
end_of_record
TN:
SF:/Users/Mike/projects/clio/lib-themisui/src/lib/thButton/thButton.button.template.html
FNF:0
FNH:0
DA:1,1
LF:1
LH:1
BRF:0
BRH:0
end_of_record
TN:
SF:/Users/Mike/projects/clio/lib-themisui/src/lib/thSelect/thSelect.template.html
FNF:0
FNH:0
DA:1,1
LF:1
LH:1
BRF:0
BRH:0
end_of_record
TN:
SF:/Users/Mike/projects/clio/lib-themisui/src/lib/thAlert/thAlertAnchor.template.html
FNF:0
FNH:0
DA:1,1
LF:1
LH:1
BRF:0
BRH:0
end_of_record
TN:
SF:/Users/Mike/projects/clio/lib-themisui/src/lib/thAutocomplete/thAutocomplete.template.coffee
FN:1,(anonymous_1)
FNF:1
FNH:1
FNDA:43,(anonymous_1)
DA:1,1
DA:2,43
DA:3,43
DA:4,43
LF:4
LH:4
BRDA:4,1,0,1
BRDA:4,1,1,42
BRF:2
BRH:2
end_of_record
TN:
SF:/Users/Mike/projects/clio/lib-themisui/src/lib/thButton/thButton.anchor.template.html
FNF:0
FNH:0
DA:1,1
LF:1
LH:1
BRF:0
BRH:0
end_of_record
TN:
SF:/Users/Mike/projects/clio/lib-themisui/src/lib/thContentHeader/thContentHeader.template.html
FNF:0
FNH:0
DA:1,1
LF:1
LH:1
BRF:0
BRH:0
end_of_record
TN:
SF:/Users/Mike/projects/clio/lib-themisui/src/lib/thDisclosure/thDisclosureContent.template.html
FNF:0
FNH:0
DA:1,1
LF:1
LH:1
BRF:0
BRH:0
end_of_record
TN:
SF:/Users/Mike/projects/clio/lib-themisui/src/lib/thDisclosure/thDisclosureToggle.template.html
FNF:0
FNH:0
DA:1,1
LF:1
LH:1
BRF:0
BRH:0
end_of_record
TN:
SF:/Users/Mike/projects/clio/lib-themisui/src/lib/thDropdown/thDropdown.template.html
FNF:0
FNH:0
DA:1,1
LF:1
LH:1
BRF:0
BRH:0
end_of_record
TN:
SF:/Users/Mike/projects/clio/lib-themisui/src/lib/thDropdown/thItem.link.template.html
FNF:0
FNH:0
DA:1,1
LF:1
LH:1
BRF:0
BRH:0
end_of_record
TN:
SF:/Users/Mike/projects/clio/lib-themisui/src/lib/thDropdown/thItem.action.template.html
FNF:0
FNH:0
DA:1,1
LF:1
LH:1
BRF:0
BRH:0
end_of_record
TN:
SF:/Users/Mike/projects/clio/lib-themisui/src/lib/thDropdown/thDivider.template.html
FNF:0
FNH:0
DA:1,1
LF:1
LH:1
BRF:0
BRH:0
end_of_record
TN:
SF:/Users/Mike/projects/clio/lib-themisui/src/lib/thError/thError.template.html
FNF:0
FNH:0
DA:1,1
LF:1
LH:1
BRF:0
BRH:0
end_of_record
TN:
SF:/Users/Mike/projects/clio/lib-themisui/src/lib/thFilter/filters/autocomplete/thFilter.autocomplete.template.html
FNF:0
FNH:0
DA:1,1
LF:1
LH:1
BRF:0
BRH:0
end_of_record
TN:
SF:/Users/Mike/projects/clio/lib-themisui/src/lib/thFilter/filters/date/thFilter.date.template.html
FNF:0
FNH:0
DA:1,1
LF:1
LH:1
BRF:0
BRH:0
end_of_record
TN:
SF:/Users/Mike/projects/clio/lib-themisui/src/lib/thDatePicker/thDatePicker.template.html
FNF:0
FNH:0
DA:1,1
LF:1
LH:1
BRF:0
BRH:0
end_of_record
TN:
SF:/Users/Mike/projects/clio/lib-themisui/src/lib/thInput/thInput.template.html
FNF:0
FNH:0
DA:1,1
LF:1
LH:1
BRF:0
BRH:0
end_of_record
TN:
SF:/Users/Mike/projects/clio/lib-themisui/src/lib/thPopover/thAddPopover.helper.coffee
FN:1,(anonymous_1)
FN:2,(anonymous_2)
FN:9,(anonymous_3)
FN:14,(anonymous_4)
FN:18,(anonymous_5)
FN:22,(anonymous_6)
FN:65,(anonymous_7)
FN:75,(anonymous_8)
FN:87,(anonymous_9)
FN:102,(anonymous_10)
FN:107,(anonymous_11)
FN:114,(anonymous_12)
FN:120,(anonymous_13)
FN:123,(anonymous_14)
FNF:14
FNH:11
FNDA:29,(anonymous_1)
FNDA:6,(anonymous_2)
FNDA:6,(anonymous_3)
FNDA:7,(anonymous_4)
FNDA:13,(anonymous_5)
FNDA:4,(anonymous_6)
FNDA:6,(anonymous_7)
FNDA:6,(anonymous_8)
FNDA:6,(anonymous_9)
FNDA:5,(anonymous_10)
FNDA:0,(anonymous_11)
FNDA:0,(anonymous_12)
FNDA:3,(anonymous_13)
FNDA:0,(anonymous_14)
DA:1,1
DA:2,29
DA:3,6
DA:4,6
DA:5,6
DA:6,6
DA:7,6
DA:8,6
DA:9,6
DA:10,6
DA:11,6
DA:12,6
DA:13,6
DA:14,6
DA:15,7
DA:18,6
DA:19,13
DA:20,0
DA:22,13
DA:23,4
DA:24,4
DA:28,4
DA:29,4
DA:30,4
DA:31,4
DA:32,4
DA:33,4
DA:34,4
DA:35,4
DA:36,4
DA:37,4
DA:38,4
DA:39,4
DA:40,0
DA:42,4
DA:43,4
DA:44,0
DA:46,4
DA:51,4
DA:52,0
DA:56,4
DA:60,4
DA:61,4
DA:62,4
DA:65,6
DA:66,6
DA:67,6
DA:68,6
DA:70,6
DA:71,6
DA:73,6
DA:75,6
DA:76,6
DA:77,6
DA:78,6
DA:79,6
DA:80,0
DA:82,6
DA:83,0
DA:85,6
DA:87,6
DA:88,6
DA:89,6
DA:90,6
DA:92,6
DA:93,6
DA:95,6
DA:96,6
DA:98,6
DA:99,6
DA:100,6
DA:101,6
DA:102,6
DA:103,5
DA:105,6
DA:106,6
DA:107,6
DA:108,0
DA:109,0
DA:110,0
DA:111,0
DA:112,0
DA:113,0
DA:114,0
DA:115,0
DA:119,6
DA:120,6
DA:121,3
DA:122,3
DA:124,0
DA:129,6
LF:91
LH:76
BRDA:19,1,0,0
BRDA:19,1,1,13
BRDA:33,2,0,4
BRDA:33,2,1,0
BRDA:39,3,0,0
BRDA:39,3,1,4
BRDA:43,4,0,0
BRDA:43,4,1,4
BRDA:51,5,0,0
BRDA:51,5,1,4
BRDA:67,6,0,6
BRDA:67,6,1,0
BRDA:70,7,0,6
BRDA:70,7,1,0
BRDA:73,8,0,6
BRDA:73,8,1,0
BRDA:77,9,0,6
BRDA:77,9,1,0
BRDA:79,10,0,0
BRDA:79,10,1,6
BRDA:82,11,0,0
BRDA:82,11,1,6
BRDA:89,12,0,6
BRDA:89,12,1,0
BRDA:92,13,0,6
BRDA:92,13,1,0
BRDA:95,14,0,6
BRDA:95,14,1,0
BRDA:113,15,0,0
BRDA:113,15,1,0
BRDA:113,16,0,0
BRDA:113,16,1,0
BRDA:119,17,0,6
BRDA:119,17,1,0
BRF:34
BRH:15
end_of_record
TN:
SF:/Users/Mike/projects/clio/lib-themisui/src/lib/thFilter/filters/input/thFilter.input.template.html
FNF:0
FNH:0
DA:1,1
LF:1
LH:1
BRF:0
BRH:0
end_of_record
TN:
SF:/Users/Mike/projects/clio/lib-themisui/src/lib/thFilter/filters/number/thFilter.number.template.html
FNF:0
FNH:0
DA:1,1
LF:1
LH:1
BRF:0
BRH:0
end_of_record
TN:
SF:/Users/Mike/projects/clio/lib-themisui/src/lib/thFilter/filters/select/thFilter.select.template.html
FNF:0
FNH:0
DA:1,1
LF:1
LH:1
BRF:0
BRH:0
end_of_record
TN:
SF:/Users/Mike/projects/clio/lib-themisui/src/lib/thFilter/filters/time/thFilter.time.template.html
FNF:0
FNH:0
DA:1,1
LF:1
LH:1
BRF:0
BRH:0
end_of_record
TN:
SF:/Users/Mike/projects/clio/lib-themisui/src/lib/thFilter/thFilter.template.html
FNF:0
FNH:0
DA:1,1
LF:1
LH:1
BRF:0
BRH:0
end_of_record
TN:
SF:/Users/Mike/projects/clio/lib-themisui/src/lib/thFilter/thCustomFilterRow.template.html
FNF:0
FNH:0
DA:1,1
LF:1
LH:1
BRF:0
BRH:0
end_of_record
TN:
SF:/Users/Mike/projects/clio/lib-themisui/src/lib/thFilter/thSearchRow.template.html
FNF:0
FNH:0
DA:1,1
LF:1
LH:1
BRF:0
BRH:0
end_of_record
TN:
SF:/Users/Mike/projects/clio/lib-themisui/src/lib/thFilter/thStaticFilters.template.html
FNF:0
FNH:0
DA:1,1
LF:1
LH:1
BRF:0
BRH:0
end_of_record
TN:
SF:/Users/Mike/projects/clio/lib-themisui/src/lib/thModal/thModal.template.html
FNF:0
FNH:0
DA:1,1
LF:1
LH:1
BRF:0
BRH:0
end_of_record
TN:
SF:/Users/Mike/projects/clio/lib-themisui/src/lib/thModal/thModalAnchor.template.html
FNF:0
FNH:0
DA:1,1
LF:1
LH:1
BRF:0
BRH:0
end_of_record
TN:
SF:/Users/Mike/projects/clio/lib-themisui/src/lib/thPopover/thPopover.template.html
FNF:0
FNH:0
DA:1,1
LF:1
LH:1
BRF:0
BRH:0
end_of_record
TN:
SF:/Users/Mike/projects/clio/lib-themisui/src/lib/thPopover/thPopover.overlay.template.html
FNF:0
FNH:0
DA:1,1
LF:1
LH:1
BRF:0
BRH:0
end_of_record
TN:
SF:/Users/Mike/projects/clio/lib-themisui/src/lib/thPopover/thPopover.arrow.template.html
FNF:0
FNH:0
DA:1,1
LF:1
LH:1
BRF:0
BRH:0
end_of_record
TN:
SF:/Users/Mike/projects/clio/lib-themisui/src/lib/thRadioGroup/thRadioGroup.template.html
FNF:0
FNH:0
DA:1,1
LF:1
LH:1
BRF:0
BRH:0
end_of_record
TN:
SF:/Users/Mike/projects/clio/lib-themisui/src/lib/thRadioGroup/thRadioButton.template.html
FNF:0
FNH:0
DA:1,1
LF:1
LH:1
BRF:0
BRH:0
end_of_record
TN:
SF:/Users/Mike/projects/clio/lib-themisui/src/lib/thSwitch/thSwitch.template.html
FNF:0
FNH:0
DA:1,1
LF:1
LH:1
BRF:0
BRH:0
end_of_record
TN:
SF:/Users/Mike/projects/clio/lib-themisui/src/lib/thTabset/thTabset.native.template.html
FNF:0
FNH:0
DA:1,1
LF:1
LH:1
BRF:0
BRH:0
end_of_record
TN:
SF:/Users/Mike/projects/clio/lib-themisui/src/lib/thTabset/thTab.template.html
FNF:0
FNH:0
DA:1,1
LF:1
LH:1
BRF:0
BRH:0
end_of_record
TN:
SF:/Users/Mike/projects/clio/lib-themisui/src/lib/thTextarea/thTextarea.template.html
FNF:0
FNH:0
DA:1,1
LF:1
LH:1
BRF:0
BRH:0
end_of_record
TN:
SF:/Users/Mike/projects/clio/lib-themisui/src/lib/thTruncate/thTruncate.template.html
FNF:0
FNH:0
DA:1,1
LF:1
LH:1
BRF:0
BRH:0
end_of_record
